{
  "uid" : "df543d02717c4be1",
  "name" : "testChangeLang()",
  "fullName" : "HW5.AppMain.testChangeLang",
  "historyId" : "37a38e4934b0ede8580a97444d6c9d7e",
  "time" : {
    "start" : 1661514406185,
    "stop" : 1661514418885,
    "duration" : 12700
  },
  "description" : "",
  "status" : "failed",
  "statusMessage" : "Страница не доступна ==> Unexpected exception thrown: org.openqa.selenium.WebDriverException: unknown error: net::ERR_CONNECTION_TIMED_OUT\n  (Session info: chrome=104.0.5112.102)\nBuild info: version: '4.0.0', revision: '3a21814679'\nSystem info: host: 'WIN-LD0UV456BN0', ip: '192.168.56.1', os.name: 'Windows 10', os.arch: 'amd64', os.version: '10.0', java.version: '1.8.0_301'\nDriver info: org.openqa.selenium.chrome.ChromeDriver\nCommand: [46895384d7feb04e8290d5d21a7b3527, get {url=https://www.livejournal.com/}]\nCapabilities {acceptInsecureCerts: false, browserName: chrome, browserVersion: 104.0.5112.102, chrome: {chromedriverVersion: 104.0.5112.79 (3cf3e8c8a07d..., userDataDir: C:\\Users\\user\\AppData\\Local...}, goog:chromeOptions: {debuggerAddress: localhost:50372}, javascriptEnabled: true, networkConnectionEnabled: false, pageLoadStrategy: normal, platform: WINDOWS, platformName: WINDOWS, proxy: Proxy(), se:cdp: ws://localhost:50372/devtoo..., se:cdpVersion: 104.0.5112.102, setWindowRect: true, strictFileInteractability: false, timeouts: {implicit: 0, pageLoad: 300000, script: 30000}, unhandledPromptBehavior: dismiss and notify, webauthn:extension:credBlob: true, webauthn:extension:largeBlob: true, webauthn:virtualAuthenticators: true}\nSession ID: 46895384d7feb04e8290d5d21a7b3527",
  "statusTrace" : "org.opentest4j.AssertionFailedError: Страница не доступна ==> Unexpected exception thrown: org.openqa.selenium.WebDriverException: unknown error: net::ERR_CONNECTION_TIMED_OUT\n  (Session info: chrome=104.0.5112.102)\nBuild info: version: '4.0.0', revision: '3a21814679'\nSystem info: host: 'WIN-LD0UV456BN0', ip: '192.168.56.1', os.name: 'Windows 10', os.arch: 'amd64', os.version: '10.0', java.version: '1.8.0_301'\nDriver info: org.openqa.selenium.chrome.ChromeDriver\nCommand: [46895384d7feb04e8290d5d21a7b3527, get {url=https://www.livejournal.com/}]\nCapabilities {acceptInsecureCerts: false, browserName: chrome, browserVersion: 104.0.5112.102, chrome: {chromedriverVersion: 104.0.5112.79 (3cf3e8c8a07d..., userDataDir: C:\\Users\\user\\AppData\\Local...}, goog:chromeOptions: {debuggerAddress: localhost:50372}, javascriptEnabled: true, networkConnectionEnabled: false, pageLoadStrategy: normal, platform: WINDOWS, platformName: WINDOWS, proxy: Proxy(), se:cdp: ws://localhost:50372/devtoo..., se:cdpVersion: 104.0.5112.102, setWindowRect: true, strictFileInteractability: false, timeouts: {implicit: 0, pageLoad: 300000, script: 30000}, unhandledPromptBehavior: dismiss and notify, webauthn:extension:credBlob: true, webauthn:extension:largeBlob: true, webauthn:virtualAuthenticators: true}\nSession ID: 46895384d7feb04e8290d5d21a7b3527\r\n\tat org.junit.jupiter.api.AssertDoesNotThrow.createAssertionFailedError(AssertDoesNotThrow.java:83)\r\n\tat org.junit.jupiter.api.AssertDoesNotThrow.assertDoesNotThrow(AssertDoesNotThrow.java:54)\r\n\tat org.junit.jupiter.api.AssertDoesNotThrow.assertDoesNotThrow(AssertDoesNotThrow.java:41)\r\n\tat org.junit.jupiter.api.Assertions.assertDoesNotThrow(Assertions.java:3024)\r\n\tat HW5.AbstractTest.goTo(AbstractTest.java:38)\r\n\tat sun.reflect.NativeMethodAccessorImpl.invoke0(Native Method)\r\n\tat sun.reflect.NativeMethodAccessorImpl.invoke(NativeMethodAccessorImpl.java:62)\r\n\tat sun.reflect.DelegatingMethodAccessorImpl.invoke(DelegatingMethodAccessorImpl.java:43)\r\n\tat java.lang.reflect.Method.invoke(Method.java:498)\r\n\tat org.junit.platform.commons.util.ReflectionUtils.invokeMethod(ReflectionUtils.java:688)\r\n\tat org.junit.jupiter.engine.execution.MethodInvocation.proceed(MethodInvocation.java:60)\r\n\tat org.junit.jupiter.engine.execution.InvocationInterceptorChain$ValidatingInvocation.proceed(InvocationInterceptorChain.java:131)\r\n\tat org.junit.jupiter.engine.extension.TimeoutExtension.intercept(TimeoutExtension.java:149)\r\n\tat org.junit.jupiter.engine.extension.TimeoutExtension.interceptLifecycleMethod(TimeoutExtension.java:126)\r\n\tat org.junit.jupiter.engine.extension.TimeoutExtension.interceptBeforeEachMethod(TimeoutExtension.java:76)\r\n\tat org.junit.jupiter.engine.execution.ExecutableInvoker$ReflectiveInterceptorCall.lambda$ofVoidMethod$0(ExecutableInvoker.java:115)\r\n\tat org.junit.jupiter.engine.execution.ExecutableInvoker.lambda$invoke$0(ExecutableInvoker.java:105)\r\n\tat org.junit.jupiter.engine.execution.InvocationInterceptorChain$InterceptedInvocation.proceed(InvocationInterceptorChain.java:106)\r\n\tat org.junit.jupiter.engine.execution.InvocationInterceptorChain.proceed(InvocationInterceptorChain.java:64)\r\n\tat org.junit.jupiter.engine.execution.InvocationInterceptorChain.chainAndInvoke(InvocationInterceptorChain.java:45)\r\n\tat org.junit.jupiter.engine.execution.InvocationInterceptorChain.invoke(InvocationInterceptorChain.java:37)\r\n\tat org.junit.jupiter.engine.execution.ExecutableInvoker.invoke(ExecutableInvoker.java:104)\r\n\tat org.junit.jupiter.engine.execution.ExecutableInvoker.invoke(ExecutableInvoker.java:98)\r\n\tat org.junit.jupiter.engine.descriptor.ClassBasedTestDescriptor.invokeMethodInExtensionContext(ClassBasedTestDescriptor.java:481)\r\n\tat org.junit.jupiter.engine.descriptor.ClassBasedTestDescriptor.lambda$synthesizeBeforeEachMethodAdapter$18(ClassBasedTestDescriptor.java:466)\r\n\tat org.junit.jupiter.engine.descriptor.TestMethodTestDescriptor.lambda$invokeBeforeEachMethods$2(TestMethodTestDescriptor.java:169)\r\n\tat org.junit.jupiter.engine.descriptor.TestMethodTestDescriptor.lambda$invokeBeforeMethodsOrCallbacksUntilExceptionOccurs$5(TestMethodTestDescriptor.java:197)\r\n\tat org.junit.platform.engine.support.hierarchical.ThrowableCollector.execute(ThrowableCollector.java:73)\r\n\tat org.junit.jupiter.engine.descriptor.TestMethodTestDescriptor.invokeBeforeMethodsOrCallbacksUntilExceptionOccurs(TestMethodTestDescriptor.java:197)\r\n\tat org.junit.jupiter.engine.descriptor.TestMethodTestDescriptor.invokeBeforeEachMethods(TestMethodTestDescriptor.java:166)\r\n\tat org.junit.jupiter.engine.descriptor.TestMethodTestDescriptor.execute(TestMethodTestDescriptor.java:133)\r\n\tat org.junit.jupiter.engine.descriptor.TestMethodTestDescriptor.execute(TestMethodTestDescriptor.java:71)\r\n\tat org.junit.platform.engine.support.hierarchical.NodeTestTask.lambda$executeRecursively$5(NodeTestTask.java:135)\r\n\tat org.junit.platform.engine.support.hierarchical.ThrowableCollector.execute(ThrowableCollector.java:73)\r\n\tat org.junit.platform.engine.support.hierarchical.NodeTestTask.lambda$executeRecursively$7(NodeTestTask.java:125)\r\n\tat org.junit.platform.engine.support.hierarchical.Node.around(Node.java:135)\r\n\tat org.junit.platform.engine.support.hierarchical.NodeTestTask.lambda$executeRecursively$8(NodeTestTask.java:123)\r\n\tat org.junit.platform.engine.support.hierarchical.ThrowableCollector.execute(ThrowableCollector.java:73)\r\n\tat org.junit.platform.engine.support.hierarchical.NodeTestTask.executeRecursively(NodeTestTask.java:122)\r\n\tat org.junit.platform.engine.support.hierarchical.NodeTestTask.execute(NodeTestTask.java:80)\r\n\tat java.util.ArrayList.forEach(ArrayList.java:1259)\r\n\tat org.junit.platform.engine.support.hierarchical.SameThreadHierarchicalTestExecutorService.invokeAll(SameThreadHierarchicalTestExecutorService.java:38)\r\n\tat org.junit.platform.engine.support.hierarchical.NodeTestTask.lambda$executeRecursively$5(NodeTestTask.java:139)\r\n\tat org.junit.platform.engine.support.hierarchical.ThrowableCollector.execute(ThrowableCollector.java:73)\r\n\tat org.junit.platform.engine.support.hierarchical.NodeTestTask.lambda$executeRecursively$7(NodeTestTask.java:125)\r\n\tat org.junit.platform.engine.support.hierarchical.Node.around(Node.java:135)\r\n\tat org.junit.platform.engine.support.hierarchical.NodeTestTask.lambda$executeRecursively$8(NodeTestTask.java:123)\r\n\tat org.junit.platform.engine.support.hierarchical.ThrowableCollector.execute(ThrowableCollector.java:73)\r\n\tat org.junit.platform.engine.support.hierarchical.NodeTestTask.executeRecursively(NodeTestTask.java:122)\r\n\tat org.junit.platform.engine.support.hierarchical.NodeTestTask.execute(NodeTestTask.java:80)\r\n\tat java.util.ArrayList.forEach(ArrayList.java:1259)\r\n\tat org.junit.platform.engine.support.hierarchical.SameThreadHierarchicalTestExecutorService.invokeAll(SameThreadHierarchicalTestExecutorService.java:38)\r\n\tat org.junit.platform.engine.support.hierarchical.NodeTestTask.lambda$executeRecursively$5(NodeTestTask.java:139)\r\n\tat org.junit.platform.engine.support.hierarchical.ThrowableCollector.execute(ThrowableCollector.java:73)\r\n\tat org.junit.platform.engine.support.hierarchical.NodeTestTask.lambda$executeRecursively$7(NodeTestTask.java:125)\r\n\tat org.junit.platform.engine.support.hierarchical.Node.around(Node.java:135)\r\n\tat org.junit.platform.engine.support.hierarchical.NodeTestTask.lambda$executeRecursively$8(NodeTestTask.java:123)\r\n\tat org.junit.platform.engine.support.hierarchical.ThrowableCollector.execute(ThrowableCollector.java:73)\r\n\tat org.junit.platform.engine.support.hierarchical.NodeTestTask.executeRecursively(NodeTestTask.java:122)\r\n\tat org.junit.platform.engine.support.hierarchical.NodeTestTask.execute(NodeTestTask.java:80)\r\n\tat org.junit.platform.engine.support.hierarchical.SameThreadHierarchicalTestExecutorService.submit(SameThreadHierarchicalTestExecutorService.java:32)\r\n\tat org.junit.platform.engine.support.hierarchical.HierarchicalTestExecutor.execute(HierarchicalTestExecutor.java:57)\r\n\tat org.junit.platform.engine.support.hierarchical.HierarchicalTestEngine.execute(HierarchicalTestEngine.java:51)\r\n\tat org.junit.platform.launcher.core.EngineExecutionOrchestrator.execute(EngineExecutionOrchestrator.java:107)\r\n\tat org.junit.platform.launcher.core.EngineExecutionOrchestrator.execute(EngineExecutionOrchestrator.java:88)\r\n\tat org.junit.platform.launcher.core.EngineExecutionOrchestrator.lambda$execute$0(EngineExecutionOrchestrator.java:54)\r\n\tat org.junit.platform.launcher.core.EngineExecutionOrchestrator.withInterceptedStreams(EngineExecutionOrchestrator.java:67)\r\n\tat org.junit.platform.launcher.core.EngineExecutionOrchestrator.execute(EngineExecutionOrchestrator.java:52)\r\n\tat org.junit.platform.launcher.core.DefaultLauncher.execute(DefaultLauncher.java:114)\r\n\tat org.junit.platform.launcher.core.DefaultLauncher.execute(DefaultLauncher.java:86)\r\n\tat org.junit.platform.launcher.core.DefaultLauncherSession$DelegatingLauncher.execute(DefaultLauncherSession.java:86)\r\n\tat org.junit.platform.launcher.core.SessionPerRequestLauncher.execute(SessionPerRequestLauncher.java:53)\r\n\tat com.intellij.junit5.JUnit5IdeaTestRunner.startRunnerWithArgs(JUnit5IdeaTestRunner.java:71)\r\n\tat com.intellij.rt.junit.IdeaTestRunner$Repeater.startRunnerWithArgs(IdeaTestRunner.java:33)\r\n\tat com.intellij.rt.junit.JUnitStarter.prepareStreamsAndStart(JUnitStarter.java:235)\r\n\tat com.intellij.rt.junit.JUnitStarter.main(JUnitStarter.java:54)\r\nCaused by: org.openqa.selenium.WebDriverException: unknown error: net::ERR_CONNECTION_TIMED_OUT\n  (Session info: chrome=104.0.5112.102)\nBuild info: version: '4.0.0', revision: '3a21814679'\nSystem info: host: 'WIN-LD0UV456BN0', ip: '192.168.56.1', os.name: 'Windows 10', os.arch: 'amd64', os.version: '10.0', java.version: '1.8.0_301'\nDriver info: org.openqa.selenium.chrome.ChromeDriver\nCommand: [46895384d7feb04e8290d5d21a7b3527, get {url=https://www.livejournal.com/}]\nCapabilities {acceptInsecureCerts: false, browserName: chrome, browserVersion: 104.0.5112.102, chrome: {chromedriverVersion: 104.0.5112.79 (3cf3e8c8a07d..., userDataDir: C:\\Users\\user\\AppData\\Local...}, goog:chromeOptions: {debuggerAddress: localhost:50372}, javascriptEnabled: true, networkConnectionEnabled: false, pageLoadStrategy: normal, platform: WINDOWS, platformName: WINDOWS, proxy: Proxy(), se:cdp: ws://localhost:50372/devtoo..., se:cdpVersion: 104.0.5112.102, setWindowRect: true, strictFileInteractability: false, timeouts: {implicit: 0, pageLoad: 300000, script: 30000}, unhandledPromptBehavior: dismiss and notify, webauthn:extension:credBlob: true, webauthn:extension:largeBlob: true, webauthn:virtualAuthenticators: true}\nSession ID: 46895384d7feb04e8290d5d21a7b3527\r\n\tat sun.reflect.NativeConstructorAccessorImpl.newInstance0(Native Method)\r\n\tat sun.reflect.NativeConstructorAccessorImpl.newInstance(NativeConstructorAccessorImpl.java:62)\r\n\tat sun.reflect.DelegatingConstructorAccessorImpl.newInstance(DelegatingConstructorAccessorImpl.java:45)\r\n\tat java.lang.reflect.Constructor.newInstance(Constructor.java:423)\r\n\tat org.openqa.selenium.remote.codec.w3c.W3CHttpResponseCodec.createException(W3CHttpResponseCodec.java:200)\r\n\tat org.openqa.selenium.remote.codec.w3c.W3CHttpResponseCodec.decode(W3CHttpResponseCodec.java:133)\r\n\tat org.openqa.selenium.remote.codec.w3c.W3CHttpResponseCodec.decode(W3CHttpResponseCodec.java:53)\r\n\tat org.openqa.selenium.remote.HttpCommandExecutor.execute(HttpCommandExecutor.java:184)\r\n\tat org.openqa.selenium.remote.service.DriverCommandExecutor.invokeExecute(DriverCommandExecutor.java:164)\r\n\tat org.openqa.selenium.remote.service.DriverCommandExecutor.execute(DriverCommandExecutor.java:139)\r\n\tat org.openqa.selenium.remote.RemoteWebDriver.execute(RemoteWebDriver.java:559)\r\n\tat org.openqa.selenium.remote.RemoteWebDriver.get(RemoteWebDriver.java:328)\r\n\tat org.openqa.selenium.remote.RemoteWebDriver$RemoteNavigation.to(RemoteWebDriver.java:957)\r\n\tat HW5.AbstractTest.lambda$goTo$0(AbstractTest.java:38)\r\n\tat org.junit.jupiter.api.AssertDoesNotThrow.assertDoesNotThrow(AssertDoesNotThrow.java:50)\r\n\t... 74 more\r\n",
  "flaky" : false,
  "newFailed" : false,
  "beforeStages" : [ ],
  "afterStages" : [ ],
  "labels" : [ {
    "name" : "junit.platform.uniqueid",
    "value" : "[engine:junit-jupiter]/[class:HW5.AppMain]/[method:testChangeLang()]"
  }, {
    "name" : "host",
    "value" : "WIN-LD0UV456BN0"
  }, {
    "name" : "thread",
    "value" : "5992@WIN-LD0UV456BN0.main(1)"
  }, {
    "name" : "framework",
    "value" : "junit-platform"
  }, {
    "name" : "language",
    "value" : "java"
  }, {
    "name" : "package",
    "value" : "HW5.AppMain"
  }, {
    "name" : "testClass",
    "value" : "HW5.AppMain"
  }, {
    "name" : "testMethod",
    "value" : "testChangeLang"
  }, {
    "name" : "suite",
    "value" : "HW5.AppMain"
  }, {
    "name" : "resultFormat",
    "value" : "allure2"
  } ],
  "parameters" : [ ],
  "links" : [ ],
  "hidden" : false,
  "retry" : false,
  "extra" : {
    "severity" : "normal",
    "retries" : [ {
      "uid" : "f97b81d74328ac12",
      "status" : "failed",
      "statusDetails" : "Смена языка не произошла ==> expected: <true> but was: <false>",
      "time" : {
        "start" : 1661511753848,
        "stop" : 1661511825712,
        "duration" : 71864
      }
    }, {
      "uid" : "b9e95142298383c9",
      "status" : "failed",
      "statusDetails" : "Смена языка не произошла ==> expected: <true> but was: <false>",
      "time" : {
        "start" : 1661510809750,
        "stop" : 1661510918978,
        "duration" : 109228
      }
    }, {
      "uid" : "bc0a46f0ef09c5e2",
      "status" : "passed",
      "time" : {
        "start" : 1661502696421,
        "stop" : 1661502698937,
        "duration" : 2516
      }
    }, {
      "uid" : "d250f75d81794405",
      "status" : "broken",
      "statusDetails" : "invalid session id\nBuild info: version: '4.0.0', revision: '3a21814679'\nSystem info: host: 'WIN-LD0UV456BN0', ip: '192.168.56.1', os.name: 'Windows 10', os.arch: 'amd64', os.version: '10.0', java.version: '1.8.0_301'\nDriver info: org.openqa.selenium.chrome.ChromeDriver\nCommand: [e739db0340adf32bed7b4dafab1a8c98, addCookie {cookie=_ga=GA1.2.516505458.1661502277; path=/}]\nCapabilities {acceptInsecureCerts: false, browserName: chrome, browserVersion: 104.0.5112.102, chrome: {chromedriverVersion: 104.0.5112.79 (3cf3e8c8a07d..., userDataDir: C:\\Users\\user\\AppData\\Local...}, goog:chromeOptions: {debuggerAddress: localhost:53370}, javascriptEnabled: true, networkConnectionEnabled: false, pageLoadStrategy: normal, platform: WINDOWS, platformName: WINDOWS, proxy: Proxy(), se:cdp: ws://localhost:53370/devtoo..., se:cdpVersion: 104.0.5112.102, setWindowRect: true, strictFileInteractability: false, timeouts: {implicit: 0, pageLoad: 300000, script: 30000}, unhandledPromptBehavior: dismiss and notify, webauthn:extension:credBlob: true, webauthn:extension:largeBlob: true, webauthn:virtualAuthenticators: true}\nSession ID: e739db0340adf32bed7b4dafab1a8c98",
      "time" : {
        "start" : 1661502367483,
        "stop" : 1661502367499,
        "duration" : 16
      }
    }, {
      "uid" : "def37cc6bc8a804d",
      "status" : "broken",
      "statusDetails" : "invalid session id\nBuild info: version: '4.0.0', revision: '3a21814679'\nSystem info: host: 'WIN-LD0UV456BN0', ip: '192.168.56.1', os.name: 'Windows 10', os.arch: 'amd64', os.version: '10.0', java.version: '1.8.0_301'\nDriver info: org.openqa.selenium.chrome.ChromeDriver\nCommand: [b471bc5725508028c44cc4cfeb38276c, addCookie {cookie=_ga=GA1.2.1083574408.1661502169; path=/}]\nCapabilities {acceptInsecureCerts: false, browserName: chrome, browserVersion: 104.0.5112.102, chrome: {chromedriverVersion: 104.0.5112.79 (3cf3e8c8a07d..., userDataDir: C:\\Users\\user\\AppData\\Local...}, goog:chromeOptions: {debuggerAddress: localhost:53134}, javascriptEnabled: true, networkConnectionEnabled: false, pageLoadStrategy: normal, platform: WINDOWS, platformName: WINDOWS, proxy: Proxy(), se:cdp: ws://localhost:53134/devtoo..., se:cdpVersion: 104.0.5112.102, setWindowRect: true, strictFileInteractability: false, timeouts: {implicit: 0, pageLoad: 300000, script: 30000}, unhandledPromptBehavior: dismiss and notify, webauthn:extension:credBlob: true, webauthn:extension:largeBlob: true, webauthn:virtualAuthenticators: true}\nSession ID: b471bc5725508028c44cc4cfeb38276c",
      "time" : {
        "start" : 1661502210718,
        "stop" : 1661502210808,
        "duration" : 90
      }
    }, {
      "uid" : "60992e2dcaf2f62",
      "status" : "broken",
      "statusDetails" : "Session ID is null. Using WebDriver after calling quit()?\nBuild info: version: '4.0.0', revision: '3a21814679'\nSystem info: host: 'WIN-LD0UV456BN0', ip: '192.168.56.1', os.name: 'Windows 10', os.arch: 'amd64', os.version: '10.0', java.version: '1.8.0_301'\nDriver info: org.openqa.selenium.chrome.ChromeDriver\nCommand: [null, addCookie {cookie=_ga=GA1.2.207582124.1661502015; path=/}]\nCapabilities {acceptInsecureCerts: false, browserName: chrome, browserVersion: 104.0.5112.102, chrome: {chromedriverVersion: 104.0.5112.79 (3cf3e8c8a07d..., userDataDir: C:\\Users\\user\\AppData\\Local...}, goog:chromeOptions: {debuggerAddress: localhost:52823}, javascriptEnabled: true, networkConnectionEnabled: false, pageLoadStrategy: normal, platform: WINDOWS, platformName: WINDOWS, proxy: Proxy(), se:cdp: ws://localhost:52823/devtoo..., se:cdpVersion: 104.0.5112.102, setWindowRect: true, strictFileInteractability: false, timeouts: {implicit: 0, pageLoad: 300000, script: 30000}, unhandledPromptBehavior: dismiss and notify, webauthn:extension:credBlob: true, webauthn:extension:largeBlob: true, webauthn:virtualAuthenticators: true}",
      "time" : {
        "start" : 1661502067222,
        "stop" : 1661502067782,
        "duration" : 560
      }
    }, {
      "uid" : "4b1a6545979b4ae9",
      "status" : "broken",
      "statusDetails" : "Session ID is null. Using WebDriver after calling quit()?\nBuild info: version: '4.0.0', revision: '3a21814679'\nSystem info: host: 'WIN-LD0UV456BN0', ip: '192.168.56.1', os.name: 'Windows 10', os.arch: 'amd64', os.version: '10.0', java.version: '1.8.0_301'\nDriver info: org.openqa.selenium.chrome.ChromeDriver\nCommand: [null, addCookie {cookie=_ga=GA1.2.212472869.1661501808; path=/}]\nCapabilities {acceptInsecureCerts: false, browserName: chrome, browserVersion: 104.0.5112.102, chrome: {chromedriverVersion: 104.0.5112.79 (3cf3e8c8a07d..., userDataDir: C:\\Users\\user\\AppData\\Local...}, goog:chromeOptions: {debuggerAddress: localhost:52499}, javascriptEnabled: true, networkConnectionEnabled: false, pageLoadStrategy: normal, platform: WINDOWS, platformName: WINDOWS, proxy: Proxy(), se:cdp: ws://localhost:52499/devtoo..., se:cdpVersion: 104.0.5112.102, setWindowRect: true, strictFileInteractability: false, timeouts: {implicit: 0, pageLoad: 300000, script: 30000}, unhandledPromptBehavior: dismiss and notify, webauthn:extension:credBlob: true, webauthn:extension:largeBlob: true, webauthn:virtualAuthenticators: true}",
      "time" : {
        "start" : 1661501900844,
        "stop" : 1661501900859,
        "duration" : 15
      }
    }, {
      "uid" : "beff035b9c5bd2ae",
      "status" : "passed",
      "time" : {
        "start" : 1661501623071,
        "stop" : 1661501626688,
        "duration" : 3617
      }
    }, {
      "uid" : "f7446915a71669c5",
      "status" : "passed",
      "time" : {
        "start" : 1661499740067,
        "stop" : 1661499744228,
        "duration" : 4161
      }
    }, {
      "uid" : "56db494f938f1190",
      "status" : "passed",
      "time" : {
        "start" : 1661499226350,
        "stop" : 1661499229002,
        "duration" : 2652
      }
    }, {
      "uid" : "765fc3d2467a77e2",
      "status" : "broken",
      "statusDetails" : "invalid session id\nBuild info: version: '4.0.0', revision: '3a21814679'\nSystem info: host: 'WIN-LD0UV456BN0', ip: '192.168.56.1', os.name: 'Windows 10', os.arch: 'amd64', os.version: '10.0', java.version: '1.8.0_301'\nDriver info: org.openqa.selenium.chrome.ChromeDriver\nCommand: [33957fe406141673682b0164a59bb8cd, addCookie {cookie=_ga=GA1.2.1191358688.1661498771; path=/}]\nCapabilities {acceptInsecureCerts: false, browserName: chrome, browserVersion: 104.0.5112.102, chrome: {chromedriverVersion: 104.0.5112.79 (3cf3e8c8a07d..., userDataDir: C:\\Users\\user\\AppData\\Local...}, goog:chromeOptions: {debuggerAddress: localhost:50972}, javascriptEnabled: true, networkConnectionEnabled: false, pageLoadStrategy: normal, platform: WINDOWS, platformName: WINDOWS, proxy: Proxy(), se:cdp: ws://localhost:50972/devtoo..., se:cdpVersion: 104.0.5112.102, setWindowRect: true, strictFileInteractability: false, timeouts: {implicit: 0, pageLoad: 300000, script: 30000}, unhandledPromptBehavior: dismiss and notify, webauthn:extension:credBlob: true, webauthn:extension:largeBlob: true, webauthn:virtualAuthenticators: true}\nSession ID: 33957fe406141673682b0164a59bb8cd",
      "time" : {
        "start" : 1661498805737,
        "stop" : 1661498805922,
        "duration" : 185
      }
    }, {
      "uid" : "638d029578e29e21",
      "status" : "broken",
      "statusDetails" : "invalid session id\nBuild info: version: '4.0.0', revision: '3a21814679'\nSystem info: host: 'WIN-LD0UV456BN0', ip: '192.168.56.1', os.name: 'Windows 10', os.arch: 'amd64', os.version: '10.0', java.version: '1.8.0_301'\nDriver info: org.openqa.selenium.chrome.ChromeDriver\nCommand: [0aca5b2d6c04f3019eab2ff394190eb9, addCookie {cookie=_ga=GA1.2.1978295971.1661497681; path=/}]\nCapabilities {acceptInsecureCerts: false, browserName: chrome, browserVersion: 104.0.5112.102, chrome: {chromedriverVersion: 104.0.5112.79 (3cf3e8c8a07d..., userDataDir: C:\\Users\\user\\AppData\\Local...}, goog:chromeOptions: {debuggerAddress: localhost:50625}, javascriptEnabled: true, networkConnectionEnabled: false, pageLoadStrategy: normal, platform: WINDOWS, platformName: WINDOWS, proxy: Proxy(), se:cdp: ws://localhost:50625/devtoo..., se:cdpVersion: 104.0.5112.102, setWindowRect: true, strictFileInteractability: false, timeouts: {implicit: 0, pageLoad: 300000, script: 30000}, unhandledPromptBehavior: dismiss and notify, webauthn:extension:credBlob: true, webauthn:extension:largeBlob: true, webauthn:virtualAuthenticators: true}\nSession ID: 0aca5b2d6c04f3019eab2ff394190eb9",
      "time" : {
        "start" : 1661497719075,
        "stop" : 1661497719313,
        "duration" : 238
      }
    }, {
      "uid" : "df3b3411c2312538",
      "status" : "broken",
      "statusDetails" : "invalid session id\nBuild info: version: '4.0.0', revision: '3a21814679'\nSystem info: host: 'WIN-LD0UV456BN0', ip: '192.168.56.1', os.name: 'Windows 10', os.arch: 'amd64', os.version: '10.0', java.version: '1.8.0_301'\nDriver info: org.openqa.selenium.chrome.ChromeDriver\nCommand: [078a3fcfae78654f65ade488d4450afa, addCookie {cookie=_ga=GA1.2.1562034235.1661497230; path=/}]\nCapabilities {acceptInsecureCerts: false, browserName: chrome, browserVersion: 104.0.5112.102, chrome: {chromedriverVersion: 104.0.5112.79 (3cf3e8c8a07d..., userDataDir: C:\\Users\\user\\AppData\\Local...}, goog:chromeOptions: {debuggerAddress: localhost:50188}, javascriptEnabled: true, networkConnectionEnabled: false, pageLoadStrategy: normal, platform: WINDOWS, platformName: WINDOWS, proxy: Proxy(), se:cdp: ws://localhost:50188/devtoo..., se:cdpVersion: 104.0.5112.102, setWindowRect: true, strictFileInteractability: false, timeouts: {implicit: 0, pageLoad: 300000, script: 30000}, unhandledPromptBehavior: dismiss and notify, webauthn:extension:credBlob: true, webauthn:extension:largeBlob: true, webauthn:virtualAuthenticators: true}\nSession ID: 078a3fcfae78654f65ade488d4450afa",
      "time" : {
        "start" : 1661497329393,
        "stop" : 1661497331119,
        "duration" : 1726
      }
    }, {
      "uid" : "825ff2ce8e03f9f7",
      "status" : "broken",
      "statusDetails" : "invalid session id\nBuild info: version: '4.0.0', revision: '3a21814679'\nSystem info: host: 'WIN-LD0UV456BN0', ip: '192.168.56.1', os.name: 'Windows 10', os.arch: 'amd64', os.version: '10.0', java.version: '1.8.0_301'\nDriver info: org.openqa.selenium.chrome.ChromeDriver\nCommand: [e6a43a9fde0662c12818b55f519ac027, addCookie {cookie=_ga=GA1.2.2006694026.1661497054; path=/}]\nCapabilities {acceptInsecureCerts: false, browserName: chrome, browserVersion: 104.0.5112.102, chrome: {chromedriverVersion: 104.0.5112.79 (3cf3e8c8a07d..., userDataDir: C:\\Users\\user\\AppData\\Local...}, goog:chromeOptions: {debuggerAddress: localhost:49884}, javascriptEnabled: true, networkConnectionEnabled: false, pageLoadStrategy: normal, platform: WINDOWS, platformName: WINDOWS, proxy: Proxy(), se:cdp: ws://localhost:49884/devtoo..., se:cdpVersion: 104.0.5112.102, setWindowRect: true, strictFileInteractability: false, timeouts: {implicit: 0, pageLoad: 300000, script: 30000}, unhandledPromptBehavior: dismiss and notify, webauthn:extension:credBlob: true, webauthn:extension:largeBlob: true, webauthn:virtualAuthenticators: true}\nSession ID: e6a43a9fde0662c12818b55f519ac027",
      "time" : {
        "start" : 1661497088774,
        "stop" : 1661497089175,
        "duration" : 401
      }
    }, {
      "uid" : "c0e39f68d77ee690",
      "status" : "failed",
      "statusDetails" : "Смена языка не произошла ==> expected: <true> but was: <false>",
      "time" : {
        "start" : 1661496918923,
        "stop" : 1661496923781,
        "duration" : 4858
      }
    }, {
      "uid" : "3f8b16199d578d30",
      "status" : "broken",
      "statusDetails" : "invalid session id\nBuild info: version: '4.0.0', revision: '3a21814679'\nSystem info: host: 'WIN-LD0UV456BN0', ip: '192.168.56.1', os.name: 'Windows 10', os.arch: 'amd64', os.version: '10.0', java.version: '1.8.0_301'\nDriver info: org.openqa.selenium.chrome.ChromeDriver\nCommand: [8f3782edbbf6d96ade5490e98440274c, addCookie {cookie=_ga=GA1.2.95858393.1661496567; path=/}]\nCapabilities {acceptInsecureCerts: false, browserName: chrome, browserVersion: 104.0.5112.102, chrome: {chromedriverVersion: 104.0.5112.79 (3cf3e8c8a07d..., userDataDir: C:\\Users\\user\\AppData\\Local...}, goog:chromeOptions: {debuggerAddress: localhost:65116}, javascriptEnabled: true, networkConnectionEnabled: false, pageLoadStrategy: normal, platform: WINDOWS, platformName: WINDOWS, proxy: Proxy(), se:cdp: ws://localhost:65116/devtoo..., se:cdpVersion: 104.0.5112.102, setWindowRect: true, strictFileInteractability: false, timeouts: {implicit: 0, pageLoad: 300000, script: 30000}, unhandledPromptBehavior: dismiss and notify, webauthn:extension:credBlob: true, webauthn:extension:largeBlob: true, webauthn:virtualAuthenticators: true}\nSession ID: 8f3782edbbf6d96ade5490e98440274c",
      "time" : {
        "start" : 1661496677145,
        "stop" : 1661496677308,
        "duration" : 163
      }
    }, {
      "uid" : "e4d6f554b19b5f25",
      "status" : "broken",
      "statusDetails" : "invalid session id\nBuild info: version: '4.0.0', revision: '3a21814679'\nSystem info: host: 'WIN-LD0UV456BN0', ip: '192.168.56.1', os.name: 'Windows 10', os.arch: 'amd64', os.version: '10.0', java.version: '1.8.0_301'\nDriver info: org.openqa.selenium.chrome.ChromeDriver\nCommand: [87156d16e9c4fa23efd559d402c2c1a1, addCookie {cookie=_ga=GA1.2.357520657.1661455202; path=/}]\nCapabilities {acceptInsecureCerts: false, browserName: chrome, browserVersion: 104.0.5112.102, chrome: {chromedriverVersion: 104.0.5112.79 (3cf3e8c8a07d..., userDataDir: C:\\Users\\user\\AppData\\Local...}, goog:chromeOptions: {debuggerAddress: localhost:59173}, javascriptEnabled: true, networkConnectionEnabled: false, pageLoadStrategy: normal, platform: WINDOWS, platformName: WINDOWS, proxy: Proxy(), se:cdp: ws://localhost:59173/devtoo..., se:cdpVersion: 104.0.5112.102, setWindowRect: true, strictFileInteractability: false, timeouts: {implicit: 0, pageLoad: 300000, script: 30000}, unhandledPromptBehavior: dismiss and notify, webauthn:extension:credBlob: true, webauthn:extension:largeBlob: true, webauthn:virtualAuthenticators: true}\nSession ID: 87156d16e9c4fa23efd559d402c2c1a1",
      "time" : {
        "start" : 1661455267404,
        "stop" : 1661455267736,
        "duration" : 332
      }
    }, {
      "uid" : "1bf394753ba37d39",
      "status" : "broken",
      "statusDetails" : "invalid session id\nBuild info: version: '4.0.0', revision: '3a21814679'\nSystem info: host: 'WIN-LD0UV456BN0', ip: '192.168.56.1', os.name: 'Windows 10', os.arch: 'amd64', os.version: '10.0', java.version: '1.8.0_301'\nDriver info: org.openqa.selenium.chrome.ChromeDriver\nCommand: [48a50c617b1c442768181139620c19b1, addCookie {cookie=_ga=GA1.2.1954596670.1661454439; path=/}]\nCapabilities {acceptInsecureCerts: false, browserName: chrome, browserVersion: 104.0.5112.102, chrome: {chromedriverVersion: 104.0.5112.79 (3cf3e8c8a07d..., userDataDir: C:\\Users\\user\\AppData\\Local...}, goog:chromeOptions: {debuggerAddress: localhost:58364}, javascriptEnabled: true, networkConnectionEnabled: false, pageLoadStrategy: normal, platform: WINDOWS, platformName: WINDOWS, proxy: Proxy(), se:cdp: ws://localhost:58364/devtoo..., se:cdpVersion: 104.0.5112.102, setWindowRect: true, strictFileInteractability: false, timeouts: {implicit: 0, pageLoad: 300000, script: 30000}, unhandledPromptBehavior: dismiss and notify, webauthn:extension:credBlob: true, webauthn:extension:largeBlob: true, webauthn:virtualAuthenticators: true}\nSession ID: 48a50c617b1c442768181139620c19b1",
      "time" : {
        "start" : 1661454473579,
        "stop" : 1661454473701,
        "duration" : 122
      }
    }, {
      "uid" : "ba45baf3f77d43ae",
      "status" : "broken",
      "statusDetails" : "invalid session id\nBuild info: version: '4.0.0', revision: '3a21814679'\nSystem info: host: 'WIN-LD0UV456BN0', ip: '192.168.56.1', os.name: 'Windows 10', os.arch: 'amd64', os.version: '10.0', java.version: '1.8.0_301'\nDriver info: org.openqa.selenium.chrome.ChromeDriver\nCommand: [e3d5cc1ae5238558e6ddd59e2b85bd6e, addCookie {cookie=_ga=GA1.2.1817957518.1661453904; path=/}]\nCapabilities {acceptInsecureCerts: false, browserName: chrome, browserVersion: 104.0.5112.102, chrome: {chromedriverVersion: 104.0.5112.79 (3cf3e8c8a07d..., userDataDir: C:\\Users\\user\\AppData\\Local...}, goog:chromeOptions: {debuggerAddress: localhost:57884}, javascriptEnabled: true, networkConnectionEnabled: false, pageLoadStrategy: normal, platform: WINDOWS, platformName: WINDOWS, proxy: Proxy(), se:cdp: ws://localhost:57884/devtoo..., se:cdpVersion: 104.0.5112.102, setWindowRect: true, strictFileInteractability: false, timeouts: {implicit: 0, pageLoad: 300000, script: 30000}, unhandledPromptBehavior: dismiss and notify, webauthn:extension:credBlob: true, webauthn:extension:largeBlob: true, webauthn:virtualAuthenticators: true}\nSession ID: e3d5cc1ae5238558e6ddd59e2b85bd6e",
      "time" : {
        "start" : 1661454029538,
        "stop" : 1661454029967,
        "duration" : 429
      }
    }, {
      "uid" : "b418387a7c696523",
      "status" : "broken",
      "statusDetails" : "invalid session id\nBuild info: version: '4.0.0', revision: '3a21814679'\nSystem info: host: 'WIN-LD0UV456BN0', ip: '192.168.56.1', os.name: 'Windows 10', os.arch: 'amd64', os.version: '10.0', java.version: '1.8.0_301'\nDriver info: org.openqa.selenium.chrome.ChromeDriver\nCommand: [49332096ce40662d33818442310f0420, addCookie {cookie=_ga=GA1.2.1941292322.1661453618; path=/}]\nCapabilities {acceptInsecureCerts: false, browserName: chrome, browserVersion: 104.0.5112.102, chrome: {chromedriverVersion: 104.0.5112.79 (3cf3e8c8a07d..., userDataDir: C:\\Users\\user\\AppData\\Local...}, goog:chromeOptions: {debuggerAddress: localhost:57605}, javascriptEnabled: true, networkConnectionEnabled: false, pageLoadStrategy: normal, platform: WINDOWS, platformName: WINDOWS, proxy: Proxy(), se:cdp: ws://localhost:57605/devtoo..., se:cdpVersion: 104.0.5112.102, setWindowRect: true, strictFileInteractability: false, timeouts: {implicit: 0, pageLoad: 300000, script: 30000}, unhandledPromptBehavior: dismiss and notify, webauthn:extension:credBlob: true, webauthn:extension:largeBlob: true, webauthn:virtualAuthenticators: true}\nSession ID: 49332096ce40662d33818442310f0420",
      "time" : {
        "start" : 1661453675115,
        "stop" : 1661453676967,
        "duration" : 1852
      }
    }, {
      "uid" : "150277543931cad",
      "status" : "broken",
      "statusDetails" : "invalid session id\nBuild info: version: '4.0.0', revision: '3a21814679'\nSystem info: host: 'WIN-LD0UV456BN0', ip: '192.168.56.1', os.name: 'Windows 10', os.arch: 'amd64', os.version: '10.0', java.version: '1.8.0_301'\nDriver info: org.openqa.selenium.chrome.ChromeDriver\nCommand: [80fb684326244b8dcf27d2113681f515, addCookie {cookie=_ga=GA1.2.1905331727.1661453072; path=/}]\nCapabilities {acceptInsecureCerts: false, browserName: chrome, browserVersion: 104.0.5112.102, chrome: {chromedriverVersion: 104.0.5112.79 (3cf3e8c8a07d..., userDataDir: C:\\Users\\user\\AppData\\Local...}, goog:chromeOptions: {debuggerAddress: localhost:57203}, javascriptEnabled: true, networkConnectionEnabled: false, pageLoadStrategy: normal, platform: WINDOWS, platformName: WINDOWS, proxy: Proxy(), se:cdp: ws://localhost:57203/devtoo..., se:cdpVersion: 104.0.5112.102, setWindowRect: true, strictFileInteractability: false, timeouts: {implicit: 0, pageLoad: 300000, script: 30000}, unhandledPromptBehavior: dismiss and notify, webauthn:extension:credBlob: true, webauthn:extension:largeBlob: true, webauthn:virtualAuthenticators: true}\nSession ID: 80fb684326244b8dcf27d2113681f515",
      "time" : {
        "start" : 1661453107750,
        "stop" : 1661453108389,
        "duration" : 639
      }
    }, {
      "uid" : "6650c37fac1fa3fc",
      "status" : "broken",
      "statusDetails" : "no such element: Unable to locate element: {\"method\":\"css selector\",\"selector\":\".label\"}\n  (Session info: chrome=104.0.5112.102)\nFor documentation on this error, please visit: https://selenium.dev/exceptions/#no_such_element\nBuild info: version: '4.0.0', revision: '3a21814679'\nSystem info: host: 'WIN-LD0UV456BN0', ip: '192.168.56.1', os.name: 'Windows 10', os.arch: 'amd64', os.version: '10.0', java.version: '1.8.0_301'\nDriver info: org.openqa.selenium.chrome.ChromeDriver\nCommand: [42a2ed2a33437f9ad6857f3494c5c343, findElement {using=css selector, value=.label}]\nCapabilities {acceptInsecureCerts: false, browserName: chrome, browserVersion: 104.0.5112.102, chrome: {chromedriverVersion: 104.0.5112.79 (3cf3e8c8a07d..., userDataDir: C:\\Users\\user\\AppData\\Local...}, goog:chromeOptions: {debuggerAddress: localhost:56254}, javascriptEnabled: true, networkConnectionEnabled: false, pageLoadStrategy: normal, platform: WINDOWS, platformName: WINDOWS, proxy: Proxy(), se:cdp: ws://localhost:56254/devtoo..., se:cdpVersion: 104.0.5112.102, setWindowRect: true, strictFileInteractability: false, timeouts: {implicit: 0, pageLoad: 300000, script: 30000}, unhandledPromptBehavior: dismiss and notify, webauthn:extension:credBlob: true, webauthn:extension:largeBlob: true, webauthn:virtualAuthenticators: true}\nSession ID: 42a2ed2a33437f9ad6857f3494c5c343",
      "time" : {
        "start" : 1661452240864,
        "stop" : 1661452248169,
        "duration" : 7305
      }
    }, {
      "uid" : "ea929a770205ca54",
      "status" : "failed",
      "statusDetails" : "Смена языка не произошла ==> expected: <true> but was: <false>",
      "time" : {
        "start" : 1661451833680,
        "stop" : 1661451837410,
        "duration" : 3730
      }
    }, {
      "uid" : "dc299b6dddaadc4e",
      "status" : "broken",
      "statusDetails" : "invalid cookie domain\n  (Session info: chrome=104.0.5112.102)\nBuild info: version: '4.0.0', revision: '3a21814679'\nSystem info: host: 'WIN-LD0UV456BN0', ip: '192.168.56.1', os.name: 'Windows 10', os.arch: 'amd64', os.version: '10.0', java.version: '1.8.0_301'\nDriver info: org.openqa.selenium.chrome.ChromeDriver\nCommand: [6019da46d1f27888db89d1bd20273a30, addCookie {cookie=_ga=GA1.2.1355931708.1661451519; expires=Пт, 19 апр 2075 03:40:25 MSK; path=/; domain=.livejournal.com}]\nCapabilities {acceptInsecureCerts: false, browserName: chrome, browserVersion: 104.0.5112.102, chrome: {chromedriverVersion: 104.0.5112.79 (3cf3e8c8a07d..., userDataDir: C:\\Users\\user\\AppData\\Local...}, goog:chromeOptions: {debuggerAddress: localhost:55238}, javascriptEnabled: true, networkConnectionEnabled: false, pageLoadStrategy: normal, platform: WINDOWS, platformName: WINDOWS, proxy: Proxy(), se:cdp: ws://localhost:55238/devtoo..., se:cdpVersion: 104.0.5112.102, setWindowRect: true, strictFileInteractability: false, timeouts: {implicit: 0, pageLoad: 300000, script: 30000}, unhandledPromptBehavior: dismiss and notify, webauthn:extension:credBlob: true, webauthn:extension:largeBlob: true, webauthn:virtualAuthenticators: true}\nSession ID: 6019da46d1f27888db89d1bd20273a30",
      "time" : {
        "start" : 1661451612594,
        "stop" : 1661451612611,
        "duration" : 17
      }
    }, {
      "uid" : "a34a649e45771ffa",
      "status" : "broken",
      "statusDetails" : "Session ID is null. Using WebDriver after calling quit()?\nBuild info: version: '4.0.0', revision: '3a21814679'\nSystem info: host: 'WIN-LD0UV456BN0', ip: '192.168.56.1', os.name: 'Windows 10', os.arch: 'amd64', os.version: '10.0', java.version: '1.8.0_301'\nDriver info: org.openqa.selenium.chrome.ChromeDriver\nCommand: [null, addCookie {cookie=_ga=GA1.2.279409215.1661451352; expires=Пт, 19 апр 2075 03:32:43 MSK; path=/; domain=.livejournal.com}]\nCapabilities {acceptInsecureCerts: false, browserName: chrome, browserVersion: 104.0.5112.102, chrome: {chromedriverVersion: 104.0.5112.79 (3cf3e8c8a07d..., userDataDir: C:\\Users\\user\\AppData\\Local...}, goog:chromeOptions: {debuggerAddress: localhost:54956}, javascriptEnabled: true, networkConnectionEnabled: false, pageLoadStrategy: normal, platform: WINDOWS, platformName: WINDOWS, proxy: Proxy(), se:cdp: ws://localhost:54956/devtoo..., se:cdpVersion: 104.0.5112.102, setWindowRect: true, strictFileInteractability: false, timeouts: {implicit: 0, pageLoad: 300000, script: 30000}, unhandledPromptBehavior: dismiss and notify, webauthn:extension:credBlob: true, webauthn:extension:largeBlob: true, webauthn:virtualAuthenticators: true}",
      "time" : {
        "start" : 1661451381800,
        "stop" : 1661451381953,
        "duration" : 153
      }
    }, {
      "uid" : "dad0ad8d7b1103f2",
      "status" : "broken",
      "statusDetails" : "no such element: Unable to locate element: {\"method\":\"css selector\",\"selector\":\".label\"}\n  (Session info: chrome=104.0.5112.102)\nFor documentation on this error, please visit: https://selenium.dev/exceptions/#no_such_element\nBuild info: version: '4.0.0', revision: '3a21814679'\nSystem info: host: 'WIN-LD0UV456BN0', ip: '192.168.56.1', os.name: 'Windows 10', os.arch: 'amd64', os.version: '10.0', java.version: '1.8.0_301'\nDriver info: org.openqa.selenium.chrome.ChromeDriver\nCommand: [80a42e1c0542a65f253adc70c69a613c, findElement {using=css selector, value=.label}]\nCapabilities {acceptInsecureCerts: false, browserName: chrome, browserVersion: 104.0.5112.102, chrome: {chromedriverVersion: 104.0.5112.79 (3cf3e8c8a07d..., userDataDir: C:\\Users\\user\\AppData\\Local...}, goog:chromeOptions: {debuggerAddress: localhost:53155}, javascriptEnabled: true, networkConnectionEnabled: false, pageLoadStrategy: normal, platform: WINDOWS, platformName: WINDOWS, proxy: Proxy(), se:cdp: ws://localhost:53155/devtoo..., se:cdpVersion: 104.0.5112.102, setWindowRect: true, strictFileInteractability: false, timeouts: {implicit: 0, pageLoad: 300000, script: 30000}, unhandledPromptBehavior: dismiss and notify, webauthn:extension:credBlob: true, webauthn:extension:largeBlob: true, webauthn:virtualAuthenticators: true}\nSession ID: 80a42e1c0542a65f253adc70c69a613c",
      "time" : {
        "start" : 1661450544230,
        "stop" : 1661450551457,
        "duration" : 7227
      }
    }, {
      "uid" : "4c24d4ffe7f11770",
      "status" : "broken",
      "statusDetails" : "no such element: Unable to locate element: {\"method\":\"css selector\",\"selector\":\".html-schemius html-adaptive html-desktop\"}\n  (Session info: chrome=104.0.5112.101)\nFor documentation on this error, please visit: https://selenium.dev/exceptions/#no_such_element\nBuild info: version: '4.0.0', revision: '3a21814679'\nSystem info: host: 'WIN-LD0UV456BN0', ip: '192.168.56.1', os.name: 'Windows 10', os.arch: 'amd64', os.version: '10.0', java.version: '1.8.0_301'\nDriver info: org.openqa.selenium.chrome.ChromeDriver\nCommand: [851947efacd5a31bef5cfb212c31509c, findElement {using=css selector, value=.html-schemius html-adaptive html-desktop}]\nCapabilities {acceptInsecureCerts: false, browserName: chrome, browserVersion: 104.0.5112.101, chrome: {chromedriverVersion: 104.0.5112.79 (3cf3e8c8a07d..., userDataDir: C:\\Users\\user\\AppData\\Local...}, goog:chromeOptions: {debuggerAddress: localhost:58267}, javascriptEnabled: true, networkConnectionEnabled: false, pageLoadStrategy: normal, platform: WINDOWS, platformName: WINDOWS, proxy: Proxy(), se:cdp: ws://localhost:58267/devtoo..., se:cdpVersion: 104.0.5112.101, setWindowRect: true, strictFileInteractability: false, timeouts: {implicit: 0, pageLoad: 300000, script: 30000}, unhandledPromptBehavior: dismiss and notify, webauthn:extension:credBlob: true, webauthn:extension:largeBlob: true, webauthn:virtualAuthenticators: true}\nSession ID: 851947efacd5a31bef5cfb212c31509c",
      "time" : {
        "start" : 1661250220011,
        "stop" : 1661250447190,
        "duration" : 227179
      }
    }, {
      "uid" : "65fca8620f3bd139",
      "status" : "broken",
      "statusDetails" : "no such element: Unable to locate element: {\"method\":\"css selector\",\"selector\":\".html-schemius html-adaptive html-desktop\"}\n  (Session info: chrome=104.0.5112.101)\nFor documentation on this error, please visit: https://selenium.dev/exceptions/#no_such_element\nBuild info: version: '4.0.0', revision: '3a21814679'\nSystem info: host: 'WIN-LD0UV456BN0', ip: '192.168.56.1', os.name: 'Windows 10', os.arch: 'amd64', os.version: '10.0', java.version: '1.8.0_301'\nDriver info: org.openqa.selenium.chrome.ChromeDriver\nCommand: [1ba1001e2428d192598bbff5831da199, findElement {using=css selector, value=.html-schemius html-adaptive html-desktop}]\nCapabilities {acceptInsecureCerts: false, browserName: chrome, browserVersion: 104.0.5112.101, chrome: {chromedriverVersion: 104.0.5112.79 (3cf3e8c8a07d..., userDataDir: C:\\Users\\user\\AppData\\Local...}, goog:chromeOptions: {debuggerAddress: localhost:57772}, javascriptEnabled: true, networkConnectionEnabled: false, pageLoadStrategy: normal, platform: WINDOWS, platformName: WINDOWS, proxy: Proxy(), se:cdp: ws://localhost:57772/devtoo..., se:cdpVersion: 104.0.5112.101, setWindowRect: true, strictFileInteractability: false, timeouts: {implicit: 0, pageLoad: 300000, script: 30000}, unhandledPromptBehavior: dismiss and notify, webauthn:extension:credBlob: true, webauthn:extension:largeBlob: true, webauthn:virtualAuthenticators: true}\nSession ID: 1ba1001e2428d192598bbff5831da199",
      "time" : {
        "start" : 1661249929170,
        "stop" : 1661250007482,
        "duration" : 78312
      }
    }, {
      "uid" : "295dd8991b31345d",
      "status" : "passed",
      "time" : {
        "start" : 1661248912839,
        "stop" : 1661248973562,
        "duration" : 60723
      }
    }, {
      "uid" : "8fd0026f6407406",
      "status" : "passed",
      "time" : {
        "start" : 1661248179891,
        "stop" : 1661248228986,
        "duration" : 49095
      }
    }, {
      "uid" : "fb776901d2cf8e6d",
      "status" : "broken",
      "statusDetails" : "no such element: Unable to locate element: {\"method\":\"css selector\",\"selector\":\"#user\"}\n  (Session info: chrome=104.0.5112.101)\nFor documentation on this error, please visit: https://selenium.dev/exceptions/#no_such_element\nBuild info: version: '4.0.0', revision: '3a21814679'\nSystem info: host: 'WIN-LD0UV456BN0', ip: '192.168.56.1', os.name: 'Windows 10', os.arch: 'amd64', os.version: '10.0', java.version: '1.8.0_301'\nDriver info: org.openqa.selenium.chrome.ChromeDriver\nCommand: [61519f461f7cfc4e80cd8fec9a49228f, findElement {using=id, value=user}]\nCapabilities {acceptInsecureCerts: false, browserName: chrome, browserVersion: 104.0.5112.101, chrome: {chromedriverVersion: 104.0.5112.79 (3cf3e8c8a07d..., userDataDir: C:\\Users\\user\\AppData\\Local...}, goog:chromeOptions: {debuggerAddress: localhost:54531}, javascriptEnabled: true, networkConnectionEnabled: false, pageLoadStrategy: normal, platform: WINDOWS, platformName: WINDOWS, proxy: Proxy(), se:cdp: ws://localhost:54531/devtoo..., se:cdpVersion: 104.0.5112.101, setWindowRect: true, strictFileInteractability: false, timeouts: {implicit: 0, pageLoad: 300000, script: 30000}, unhandledPromptBehavior: dismiss and notify, webauthn:extension:credBlob: true, webauthn:extension:largeBlob: true, webauthn:virtualAuthenticators: true}\nSession ID: 61519f461f7cfc4e80cd8fec9a49228f",
      "time" : {
        "start" : 1661247895239,
        "stop" : 1661248032611,
        "duration" : 137372
      }
    }, {
      "uid" : "ccfc205a8132f1dd",
      "status" : "failed",
      "statusDetails" : "Смена языка не произошла ==> expected: <ENGLISH> but was: <true>",
      "time" : {
        "start" : 1661247595588,
        "stop" : 1661247677646,
        "duration" : 82058
      }
    }, {
      "uid" : "b27fc46f813ef44a",
      "status" : "failed",
      "statusDetails" : "Смена языка не произошла ==> expected: <ENGLISH> but was: <false>",
      "time" : {
        "start" : 1661247361034,
        "stop" : 1661247452610,
        "duration" : 91576
      }
    }, {
      "uid" : "c329470f6bd23b11",
      "status" : "broken",
      "statusDetails" : "no such element: Unable to locate element: {\"method\":\"css selector\",\"selector\":\".label\"}\n  (Session info: chrome=104.0.5112.101)\nFor documentation on this error, please visit: https://selenium.dev/exceptions/#no_such_element\nBuild info: version: '4.0.0', revision: '3a21814679'\nSystem info: host: 'WIN-LD0UV456BN0', ip: '192.168.56.1', os.name: 'Windows 10', os.arch: 'amd64', os.version: '10.0', java.version: '1.8.0_301'\nDriver info: org.openqa.selenium.chrome.ChromeDriver\nCommand: [a402dde4fff54ee93f2e08fa3b0398e3, findElement {using=css selector, value=.label}]\nCapabilities {acceptInsecureCerts: false, browserName: chrome, browserVersion: 104.0.5112.101, chrome: {chromedriverVersion: 104.0.5112.79 (3cf3e8c8a07d..., userDataDir: C:\\Users\\user\\AppData\\Local...}, goog:chromeOptions: {debuggerAddress: localhost:51739}, javascriptEnabled: true, networkConnectionEnabled: false, pageLoadStrategy: normal, platform: WINDOWS, platformName: WINDOWS, proxy: Proxy(), se:cdp: ws://localhost:51739/devtoo..., se:cdpVersion: 104.0.5112.101, setWindowRect: true, strictFileInteractability: false, timeouts: {implicit: 0, pageLoad: 300000, script: 30000}, unhandledPromptBehavior: dismiss and notify, webauthn:extension:credBlob: true, webauthn:extension:largeBlob: true, webauthn:virtualAuthenticators: true}\nSession ID: a402dde4fff54ee93f2e08fa3b0398e3",
      "time" : {
        "start" : 1661246136453,
        "stop" : 1661246357126,
        "duration" : 220673
      }
    }, {
      "uid" : "ce879f884c0bb54",
      "status" : "broken",
      "statusDetails" : "stale element reference: element is not attached to the page document\n  (Session info: chrome=104.0.5112.101)\nFor documentation on this error, please visit: https://selenium.dev/exceptions/#stale_element_reference\nBuild info: version: '4.0.0', revision: '3a21814679'\nSystem info: host: 'WIN-LD0UV456BN0', ip: '192.168.56.1', os.name: 'Windows 10', os.arch: 'amd64', os.version: '10.0', java.version: '1.8.0_301'\nDriver info: org.openqa.selenium.chrome.ChromeDriver\nCommand: [c564bc2fda400ffe867aa0a96c5fc7c2, executeScript {script=arguments[0].click(), args=[{ELEMENT=6f2f5708-3e3a-48a7-b4b7-69040a402e46, element-6066-11e4-a52e-4f735466cecf=6f2f5708-3e3a-48a7-b4b7-69040a402e46}]}]\nCapabilities {acceptInsecureCerts: false, browserName: chrome, browserVersion: 104.0.5112.101, chrome: {chromedriverVersion: 104.0.5112.79 (3cf3e8c8a07d..., userDataDir: C:\\Users\\user\\AppData\\Local...}, goog:chromeOptions: {debuggerAddress: localhost:51219}, javascriptEnabled: true, networkConnectionEnabled: false, pageLoadStrategy: normal, platform: WINDOWS, platformName: WINDOWS, proxy: Proxy(), se:cdp: ws://localhost:51219/devtoo..., se:cdpVersion: 104.0.5112.101, setWindowRect: true, strictFileInteractability: false, timeouts: {implicit: 0, pageLoad: 300000, script: 30000}, unhandledPromptBehavior: dismiss and notify, webauthn:extension:credBlob: true, webauthn:extension:largeBlob: true, webauthn:virtualAuthenticators: true}\nSession ID: c564bc2fda400ffe867aa0a96c5fc7c2",
      "time" : {
        "start" : 1661245943412,
        "stop" : 1661246054625,
        "duration" : 111213
      }
    }, {
      "uid" : "b0f2e4fe6531a82c",
      "status" : "broken",
      "statusDetails" : "no such element: Unable to locate element: {\"method\":\"css selector\",\"selector\":\".label\"}\n  (Session info: chrome=104.0.5112.101)\nFor documentation on this error, please visit: https://selenium.dev/exceptions/#no_such_element\nBuild info: version: '4.0.0', revision: '3a21814679'\nSystem info: host: 'WIN-LD0UV456BN0', ip: '192.168.56.1', os.name: 'Windows 10', os.arch: 'amd64', os.version: '10.0', java.version: '1.8.0_301'\nDriver info: org.openqa.selenium.chrome.ChromeDriver\nCommand: [d45c02b1d80a2c9ad711f5e23b7abc8c, findElement {using=css selector, value=.label}]\nCapabilities {acceptInsecureCerts: false, browserName: chrome, browserVersion: 104.0.5112.101, chrome: {chromedriverVersion: 104.0.5112.79 (3cf3e8c8a07d..., userDataDir: C:\\Users\\user\\AppData\\Local...}, goog:chromeOptions: {debuggerAddress: localhost:50641}, javascriptEnabled: true, networkConnectionEnabled: false, pageLoadStrategy: normal, platform: WINDOWS, platformName: WINDOWS, proxy: Proxy(), se:cdp: ws://localhost:50641/devtoo..., se:cdpVersion: 104.0.5112.101, setWindowRect: true, strictFileInteractability: false, timeouts: {implicit: 0, pageLoad: 300000, script: 30000}, unhandledPromptBehavior: dismiss and notify, webauthn:extension:credBlob: true, webauthn:extension:largeBlob: true, webauthn:virtualAuthenticators: true}\nSession ID: d45c02b1d80a2c9ad711f5e23b7abc8c",
      "time" : {
        "start" : 1661245719091,
        "stop" : 1661245873900,
        "duration" : 154809
      }
    }, {
      "uid" : "7413591975b73591",
      "status" : "failed",
      "statusDetails" : "Смена языка не произошла ==> expected: <ENGLISH> but was: <false>",
      "time" : {
        "start" : 1661245458616,
        "stop" : 1661245518239,
        "duration" : 59623
      }
    }, {
      "uid" : "ab6f0cedc56eac1a",
      "status" : "failed",
      "statusDetails" : "Смена языка не произошла ==> expected: <ENGLISH> but was: <false>",
      "time" : {
        "start" : 1661245249132,
        "stop" : 1661245333075,
        "duration" : 83943
      }
    }, {
      "uid" : "4e47fbae48048692",
      "status" : "failed",
      "statusDetails" : "Смена языка не произошла ==> expected: <ENGLISH> but was: <>",
      "time" : {
        "start" : 1661194344818,
        "stop" : 1661194447888,
        "duration" : 103070
      }
    }, {
      "uid" : "29f0606fb9b836d8",
      "status" : "failed",
      "statusDetails" : "Смена языка не произошла ==> expected: <ENGLISH> but was: <>",
      "time" : {
        "start" : 1661193527822,
        "stop" : 1661193638299,
        "duration" : 110477
      }
    }, {
      "uid" : "3a8f62d80088629d",
      "status" : "failed",
      "statusDetails" : "Смена языка не произошла ==> expected: <English> but was: <ENGLISH>",
      "time" : {
        "start" : 1661193209267,
        "stop" : 1661193266586,
        "duration" : 57319
      }
    }, {
      "uid" : "f548eaf743ae2a4a",
      "status" : "passed",
      "time" : {
        "start" : 1661192347448,
        "stop" : 1661192549298,
        "duration" : 201850
      }
    }, {
      "uid" : "aaf635e3b8040cd1",
      "status" : "broken",
      "statusDetails" : "stale element reference: element is not attached to the page document\n  (Session info: chrome=104.0.5112.101)\nFor documentation on this error, please visit: https://selenium.dev/exceptions/#stale_element_reference\nBuild info: version: '4.0.0', revision: '3a21814679'\nSystem info: host: 'WIN-LD0UV456BN0', ip: '192.168.56.1', os.name: 'Windows 10', os.arch: 'amd64', os.version: '10.0', java.version: '1.8.0_301'\nDriver info: org.openqa.selenium.chrome.ChromeDriver\nCommand: [320e9fd1ac6850a601f3447d23bc5f16, clickElement {id=4f5883aa-bc9e-4b1b-bafb-91537b3d16f8}]\nCapabilities {acceptInsecureCerts: false, browserName: chrome, browserVersion: 104.0.5112.101, chrome: {chromedriverVersion: 104.0.5112.79 (3cf3e8c8a07d..., userDataDir: C:\\Users\\user\\AppData\\Local...}, goog:chromeOptions: {debuggerAddress: localhost:57097}, javascriptEnabled: true, networkConnectionEnabled: false, pageLoadStrategy: normal, platform: WINDOWS, platformName: WINDOWS, proxy: Proxy(), se:cdp: ws://localhost:57097/devtoo..., se:cdpVersion: 104.0.5112.101, setWindowRect: true, strictFileInteractability: false, timeouts: {implicit: 0, pageLoad: 300000, script: 30000}, unhandledPromptBehavior: dismiss and notify, webauthn:extension:credBlob: true, webauthn:extension:largeBlob: true, webauthn:virtualAuthenticators: true}\nElement: [[ChromeDriver: chrome on WINDOWS (320e9fd1ac6850a601f3447d23bc5f16)] -> css selector: .main-footer__middle]\nSession ID: 320e9fd1ac6850a601f3447d23bc5f16",
      "time" : {
        "start" : 1661188822396,
        "stop" : 1661188877848,
        "duration" : 55452
      }
    }, {
      "uid" : "f5e44fc2cd2a6563",
      "status" : "broken",
      "statusDetails" : "element not interactable: Element is not currently visible and may not be manipulated\n  (Session info: chrome=104.0.5112.101)\nBuild info: version: '4.0.0', revision: '3a21814679'\nSystem info: host: 'WIN-LD0UV456BN0', ip: '192.168.56.1', os.name: 'Windows 10', os.arch: 'amd64', os.version: '10.0', java.version: '1.8.0_301'\nDriver info: org.openqa.selenium.chrome.ChromeDriver\nCommand: [aacd82997aae59ec6144e0be16fa44c6, clickElement {id=e4608bb0-5c03-4aa4-8821-39b3cb7ace28}]\nCapabilities {acceptInsecureCerts: false, browserName: chrome, browserVersion: 104.0.5112.101, chrome: {chromedriverVersion: 104.0.5112.79 (3cf3e8c8a07d..., userDataDir: C:\\Users\\user\\AppData\\Local...}, goog:chromeOptions: {debuggerAddress: localhost:54770}, javascriptEnabled: true, networkConnectionEnabled: false, pageLoadStrategy: normal, platform: WINDOWS, platformName: WINDOWS, proxy: Proxy(), se:cdp: ws://localhost:54770/devtoo..., se:cdpVersion: 104.0.5112.101, setWindowRect: true, strictFileInteractability: false, timeouts: {implicit: 0, pageLoad: 300000, script: 30000}, unhandledPromptBehavior: dismiss and notify, webauthn:extension:credBlob: true, webauthn:extension:largeBlob: true, webauthn:virtualAuthenticators: true}\nElement: [[[[ChromeDriver: chrome on WINDOWS (aacd82997aae59ec6144e0be16fa44c6)] -> id: footer_lang_list]] -> xpath: .//option[@value = \"en_LJ\"]]\nSession ID: aacd82997aae59ec6144e0be16fa44c6",
      "time" : {
        "start" : 1661186723998,
        "stop" : 1661186863659,
        "duration" : 139661
      }
    }, {
      "uid" : "ae4eaa8989d4d297",
      "status" : "broken",
      "statusDetails" : "element not interactable: Element is not currently visible and may not be manipulated\n  (Session info: chrome=104.0.5112.101)\nBuild info: version: '4.0.0', revision: '3a21814679'\nSystem info: host: 'WIN-LD0UV456BN0', ip: '192.168.56.1', os.name: 'Windows 10', os.arch: 'amd64', os.version: '10.0', java.version: '1.8.0_301'\nDriver info: org.openqa.selenium.chrome.ChromeDriver\nCommand: [668356a1827000ff9a40e9a10f7ada3a, clickElement {id=fccff5b8-5aba-4978-b9bc-75b5b9e4d622}]\nCapabilities {acceptInsecureCerts: false, browserName: chrome, browserVersion: 104.0.5112.101, chrome: {chromedriverVersion: 104.0.5112.79 (3cf3e8c8a07d..., userDataDir: C:\\Users\\user\\AppData\\Local...}, goog:chromeOptions: {debuggerAddress: localhost:52908}, javascriptEnabled: true, networkConnectionEnabled: false, pageLoadStrategy: normal, platform: WINDOWS, platformName: WINDOWS, proxy: Proxy(), se:cdp: ws://localhost:52908/devtoo..., se:cdpVersion: 104.0.5112.101, setWindowRect: true, strictFileInteractability: false, timeouts: {implicit: 0, pageLoad: 300000, script: 30000}, unhandledPromptBehavior: dismiss and notify, webauthn:extension:credBlob: true, webauthn:extension:largeBlob: true, webauthn:virtualAuthenticators: true}\nElement: [[[[ChromeDriver: chrome on WINDOWS (668356a1827000ff9a40e9a10f7ada3a)] -> id: footer_lang_list]] -> xpath: .//option[@value = \"en_LJ\"]]\nSession ID: 668356a1827000ff9a40e9a10f7ada3a",
      "time" : {
        "start" : 1661185866611,
        "stop" : 1661186037182,
        "duration" : 170571
      }
    }, {
      "uid" : "c6276c7d3ee26348",
      "status" : "broken",
      "statusDetails" : "element not interactable: Element is not currently visible and may not be manipulated\n  (Session info: chrome=104.0.5112.101)\nBuild info: version: '4.0.0', revision: '3a21814679'\nSystem info: host: 'WIN-LD0UV456BN0', ip: '192.168.56.1', os.name: 'Windows 10', os.arch: 'amd64', os.version: '10.0', java.version: '1.8.0_301'\nDriver info: org.openqa.selenium.chrome.ChromeDriver\nCommand: [ea8ccaf4f290b55086a9c331f44bf688, clickElement {id=e4fd473f-aaa5-4b62-bb2a-4a8cea099242}]\nCapabilities {acceptInsecureCerts: false, browserName: chrome, browserVersion: 104.0.5112.101, chrome: {chromedriverVersion: 104.0.5112.79 (3cf3e8c8a07d..., userDataDir: C:\\Users\\user\\AppData\\Local...}, goog:chromeOptions: {debuggerAddress: localhost:52036}, javascriptEnabled: true, networkConnectionEnabled: false, pageLoadStrategy: normal, platform: WINDOWS, platformName: WINDOWS, proxy: Proxy(), se:cdp: ws://localhost:52036/devtoo..., se:cdpVersion: 104.0.5112.101, setWindowRect: true, strictFileInteractability: false, timeouts: {implicit: 0, pageLoad: 300000, script: 30000}, unhandledPromptBehavior: dismiss and notify, webauthn:extension:credBlob: true, webauthn:extension:largeBlob: true, webauthn:virtualAuthenticators: true}\nElement: [[[[ChromeDriver: chrome on WINDOWS (ea8ccaf4f290b55086a9c331f44bf688)] -> id: footer_lang_list]] -> xpath: .//option[@value = \"en_LJ\"]]\nSession ID: ea8ccaf4f290b55086a9c331f44bf688",
      "time" : {
        "start" : 1661185570757,
        "stop" : 1661185779679,
        "duration" : 208922
      }
    }, {
      "uid" : "25c98d21b60cdc22",
      "status" : "broken",
      "statusDetails" : "element not interactable: Element is not currently visible and may not be manipulated\n  (Session info: chrome=104.0.5112.101)\nBuild info: version: '4.0.0', revision: '3a21814679'\nSystem info: host: 'WIN-LD0UV456BN0', ip: '192.168.56.1', os.name: 'Windows 10', os.arch: 'amd64', os.version: '10.0', java.version: '1.8.0_301'\nDriver info: org.openqa.selenium.chrome.ChromeDriver\nCommand: [140d6d7d30fa5e74f504b945db5e18f4, clickElement {id=9783ba1e-bae3-45d6-89b9-45132aff8ab3}]\nCapabilities {acceptInsecureCerts: false, browserName: chrome, browserVersion: 104.0.5112.101, chrome: {chromedriverVersion: 104.0.5112.79 (3cf3e8c8a07d..., userDataDir: C:\\Users\\user\\AppData\\Local...}, goog:chromeOptions: {debuggerAddress: localhost:50483}, javascriptEnabled: true, networkConnectionEnabled: false, pageLoadStrategy: normal, platform: WINDOWS, platformName: WINDOWS, proxy: Proxy(), se:cdp: ws://localhost:50483/devtoo..., se:cdpVersion: 104.0.5112.101, setWindowRect: true, strictFileInteractability: false, timeouts: {implicit: 0, pageLoad: 300000, script: 30000}, unhandledPromptBehavior: dismiss and notify, webauthn:extension:credBlob: true, webauthn:extension:largeBlob: true, webauthn:virtualAuthenticators: true}\nElement: [[[[ChromeDriver: chrome on WINDOWS (140d6d7d30fa5e74f504b945db5e18f4)] -> id: footer_lang_list]] -> xpath: .//option[@value = \"en_LJ\"]]\nSession ID: 140d6d7d30fa5e74f504b945db5e18f4",
      "time" : {
        "start" : 1661184858016,
        "stop" : 1661184911087,
        "duration" : 53071
      }
    }, {
      "uid" : "e9bb33984fa91b7f",
      "status" : "broken",
      "statusDetails" : "stale element reference: element is not attached to the page document\n  (Session info: chrome=104.0.5112.101)\nFor documentation on this error, please visit: https://selenium.dev/exceptions/#stale_element_reference\nBuild info: version: '4.0.0', revision: '3a21814679'\nSystem info: host: 'WIN-LD0UV456BN0', ip: '192.168.56.1', os.name: 'Windows 10', os.arch: 'amd64', os.version: '10.0', java.version: '1.8.0_301'\nDriver info: org.openqa.selenium.chrome.ChromeDriver\nCommand: [f46d25e6e570fa8760dd750db798aa65, actions {actions=[org.openqa.selenium.interactions.Sequence@4571cebe]}]\nCapabilities {acceptInsecureCerts: false, browserName: chrome, browserVersion: 104.0.5112.101, chrome: {chromedriverVersion: 104.0.5112.79 (3cf3e8c8a07d..., userDataDir: C:\\Users\\user\\AppData\\Local...}, goog:chromeOptions: {debuggerAddress: localhost:60784}, javascriptEnabled: true, networkConnectionEnabled: false, pageLoadStrategy: normal, platform: WINDOWS, platformName: WINDOWS, proxy: Proxy(), se:cdp: ws://localhost:60784/devtoo..., se:cdpVersion: 104.0.5112.101, setWindowRect: true, strictFileInteractability: false, timeouts: {implicit: 0, pageLoad: 300000, script: 30000}, unhandledPromptBehavior: dismiss and notify, webauthn:extension:credBlob: true, webauthn:extension:largeBlob: true, webauthn:virtualAuthenticators: true}\nSession ID: f46d25e6e570fa8760dd750db798aa65",
      "time" : {
        "start" : 1661166397802,
        "stop" : 1661166578866,
        "duration" : 181064
      }
    }, {
      "uid" : "59a2f1fc3572c8c0",
      "status" : "failed",
      "statusDetails" : "Страница не доступна ==> Unexpected exception thrown: org.openqa.selenium.WebDriverException: unknown error: net::ERR_CONNECTION_TIMED_OUT\n  (Session info: chrome=104.0.5112.101)\nBuild info: version: '4.0.0', revision: '3a21814679'\nSystem info: host: 'WIN-LD0UV456BN0', ip: '192.168.56.1', os.name: 'Windows 10', os.arch: 'amd64', os.version: '10.0', java.version: '1.8.0_301'\nDriver info: org.openqa.selenium.chrome.ChromeDriver\nCommand: [04b575ee3648c2ee75f6a0c0f0d0b233, get {url=https://www.livejournal.com/}]\nCapabilities {acceptInsecureCerts: false, browserName: chrome, browserVersion: 104.0.5112.101, chrome: {chromedriverVersion: 104.0.5112.79 (3cf3e8c8a07d..., userDataDir: C:\\Users\\user\\AppData\\Local...}, goog:chromeOptions: {debuggerAddress: localhost:60406}, javascriptEnabled: true, networkConnectionEnabled: false, pageLoadStrategy: normal, platform: WINDOWS, platformName: WINDOWS, proxy: Proxy(), se:cdp: ws://localhost:60406/devtoo..., se:cdpVersion: 104.0.5112.101, setWindowRect: true, strictFileInteractability: false, timeouts: {implicit: 0, pageLoad: 300000, script: 30000}, unhandledPromptBehavior: dismiss and notify, webauthn:extension:credBlob: true, webauthn:extension:largeBlob: true, webauthn:virtualAuthenticators: true}\nSession ID: 04b575ee3648c2ee75f6a0c0f0d0b233",
      "time" : {
        "start" : 1661165875940,
        "stop" : 1661165921595,
        "duration" : 45655
      }
    }, {
      "uid" : "4746578dd70e0ba7",
      "status" : "broken",
      "statusDetails" : "stale element reference: element is not attached to the page document\n  (Session info: chrome=104.0.5112.101)\nFor documentation on this error, please visit: https://selenium.dev/exceptions/#stale_element_reference\nBuild info: version: '4.0.0', revision: '3a21814679'\nSystem info: host: 'WIN-LD0UV456BN0', ip: '192.168.56.1', os.name: 'Windows 10', os.arch: 'amd64', os.version: '10.0', java.version: '1.8.0_301'\nDriver info: org.openqa.selenium.chrome.ChromeDriver\nCommand: [4b4b3a4985ca0bbaf200e6e43aeda99c, getElementTagName {id=6efd97d1-824b-441d-b1ab-836b4eab0d26}]\nCapabilities {acceptInsecureCerts: false, browserName: chrome, browserVersion: 104.0.5112.101, chrome: {chromedriverVersion: 104.0.5112.79 (3cf3e8c8a07d..., userDataDir: C:\\Users\\user\\AppData\\Local...}, goog:chromeOptions: {debuggerAddress: localhost:59412}, javascriptEnabled: true, networkConnectionEnabled: false, pageLoadStrategy: normal, platform: WINDOWS, platformName: WINDOWS, proxy: Proxy(), se:cdp: ws://localhost:59412/devtoo..., se:cdpVersion: 104.0.5112.101, setWindowRect: true, strictFileInteractability: false, timeouts: {implicit: 0, pageLoad: 300000, script: 30000}, unhandledPromptBehavior: dismiss and notify, webauthn:extension:credBlob: true, webauthn:extension:largeBlob: true, webauthn:virtualAuthenticators: true}\nElement: [[ChromeDriver: chrome on WINDOWS (4b4b3a4985ca0bbaf200e6e43aeda99c)] -> name: lang]\nSession ID: 4b4b3a4985ca0bbaf200e6e43aeda99c",
      "time" : {
        "start" : 1661165538586,
        "stop" : 1661165724933,
        "duration" : 186347
      }
    }, {
      "uid" : "108bc115c61f74b5",
      "status" : "failed",
      "statusDetails" : "Страница не доступна ==> Unexpected exception thrown: org.openqa.selenium.WebDriverException: unknown error: net::ERR_CONNECTION_TIMED_OUT\n  (Session info: chrome=104.0.5112.101)\nBuild info: version: '4.0.0', revision: '3a21814679'\nSystem info: host: 'WIN-LD0UV456BN0', ip: '192.168.56.1', os.name: 'Windows 10', os.arch: 'amd64', os.version: '10.0', java.version: '1.8.0_301'\nDriver info: org.openqa.selenium.chrome.ChromeDriver\nCommand: [24f13409960c175d4bdba5741e57f9f4, get {url=https://www.livejournal.com/}]\nCapabilities {acceptInsecureCerts: false, browserName: chrome, browserVersion: 104.0.5112.101, chrome: {chromedriverVersion: 104.0.5112.79 (3cf3e8c8a07d..., userDataDir: C:\\Users\\user\\AppData\\Local...}, goog:chromeOptions: {debuggerAddress: localhost:57830}, javascriptEnabled: true, networkConnectionEnabled: false, pageLoadStrategy: normal, platform: WINDOWS, platformName: WINDOWS, proxy: Proxy(), se:cdp: ws://localhost:57830/devtoo..., se:cdpVersion: 104.0.5112.101, setWindowRect: true, strictFileInteractability: false, timeouts: {implicit: 0, pageLoad: 300000, script: 30000}, unhandledPromptBehavior: dismiss and notify, webauthn:extension:credBlob: true, webauthn:extension:largeBlob: true, webauthn:virtualAuthenticators: true}\nSession ID: 24f13409960c175d4bdba5741e57f9f4",
      "time" : {
        "start" : 1661164868726,
        "stop" : 1661164893256,
        "duration" : 24530
      }
    }, {
      "uid" : "aa13112d5e68dc58",
      "status" : "broken",
      "statusDetails" : "element not interactable\n  (Session info: chrome=104.0.5112.101)\nBuild info: version: '4.0.0', revision: '3a21814679'\nSystem info: host: 'WIN-LD0UV456BN0', ip: '192.168.56.1', os.name: 'Windows 10', os.arch: 'amd64', os.version: '10.0', java.version: '1.8.0_301'\nDriver info: org.openqa.selenium.chrome.ChromeDriver\nCommand: [7ca412190a0ff1c9e6ef3b9622ceb936, sendKeysToElement {id=3b315106-0101-42e4-8f4e-350a4c5cbcec, value=[Ljava.lang.CharSequence;@30a01dd8}]\nCapabilities {acceptInsecureCerts: false, browserName: chrome, browserVersion: 104.0.5112.101, chrome: {chromedriverVersion: 104.0.5112.79 (3cf3e8c8a07d..., userDataDir: C:\\Users\\user\\AppData\\Local...}, goog:chromeOptions: {debuggerAddress: localhost:57397}, javascriptEnabled: true, networkConnectionEnabled: false, pageLoadStrategy: normal, platform: WINDOWS, platformName: WINDOWS, proxy: Proxy(), se:cdp: ws://localhost:57397/devtoo..., se:cdpVersion: 104.0.5112.101, setWindowRect: true, strictFileInteractability: false, timeouts: {implicit: 0, pageLoad: 300000, script: 30000}, unhandledPromptBehavior: dismiss and notify, webauthn:extension:credBlob: true, webauthn:extension:largeBlob: true, webauthn:virtualAuthenticators: true}\nElement: [[ChromeDriver: chrome on WINDOWS (7ca412190a0ff1c9e6ef3b9622ceb936)] -> name: lang]\nSession ID: 7ca412190a0ff1c9e6ef3b9622ceb936",
      "time" : {
        "start" : 1661164492607,
        "stop" : 1661164543012,
        "duration" : 50405
      }
    }, {
      "uid" : "fc384eacd0fad10e",
      "status" : "broken",
      "statusDetails" : "Expected condition failed: waiting for element to be clickable: [[ChromeDriver: chrome on WINDOWS (37fdc3b8b2d9a41b25df8d1615a97097)] -> name: lang] (tried for 360 second(s) with 500 milliseconds interval)\nBuild info: version: '4.0.0', revision: '3a21814679'\nSystem info: host: 'WIN-LD0UV456BN0', ip: '192.168.56.1', os.name: 'Windows 10', os.arch: 'amd64', os.version: '10.0', java.version: '1.8.0_301'\nDriver info: org.openqa.selenium.chrome.ChromeDriver\nCapabilities {acceptInsecureCerts: false, browserName: chrome, browserVersion: 104.0.5112.101, chrome: {chromedriverVersion: 104.0.5112.79 (3cf3e8c8a07d..., userDataDir: C:\\Users\\user\\AppData\\Local...}, goog:chromeOptions: {debuggerAddress: localhost:56356}, javascriptEnabled: true, networkConnectionEnabled: false, pageLoadStrategy: normal, platform: WINDOWS, platformName: WINDOWS, proxy: Proxy(), se:cdp: ws://localhost:56356/devtoo..., se:cdpVersion: 104.0.5112.101, setWindowRect: true, strictFileInteractability: false, timeouts: {implicit: 0, pageLoad: 300000, script: 30000}, unhandledPromptBehavior: dismiss and notify, webauthn:extension:credBlob: true, webauthn:extension:largeBlob: true, webauthn:virtualAuthenticators: true}\nSession ID: 37fdc3b8b2d9a41b25df8d1615a97097",
      "time" : {
        "start" : 1661163964499,
        "stop" : 1661164379979,
        "duration" : 415480
      }
    }, {
      "uid" : "8f5e908a50a50e87",
      "status" : "broken",
      "statusDetails" : "stale element reference: element is not attached to the page document\n  (Session info: chrome=104.0.5112.101)\nFor documentation on this error, please visit: https://selenium.dev/exceptions/#stale_element_reference\nBuild info: version: '4.0.0', revision: '3a21814679'\nSystem info: host: 'WIN-LD0UV456BN0', ip: '192.168.56.1', os.name: 'Windows 10', os.arch: 'amd64', os.version: '10.0', java.version: '1.8.0_301'\nDriver info: org.openqa.selenium.chrome.ChromeDriver\nCommand: [e8f9b9e6ce81bd22994f9938b10fe1c2, isElementDisplayed {id=28dd4bf3-3303-4803-8129-d243e4c6cd6a}]\nCapabilities {acceptInsecureCerts: false, browserName: chrome, browserVersion: 104.0.5112.101, chrome: {chromedriverVersion: 104.0.5112.79 (3cf3e8c8a07d..., userDataDir: C:\\Users\\user\\AppData\\Local...}, goog:chromeOptions: {debuggerAddress: localhost:53358}, javascriptEnabled: true, networkConnectionEnabled: false, pageLoadStrategy: normal, platform: WINDOWS, platformName: WINDOWS, proxy: Proxy(), se:cdp: ws://localhost:53358/devtoo..., se:cdpVersion: 104.0.5112.101, setWindowRect: true, strictFileInteractability: false, timeouts: {implicit: 0, pageLoad: 300000, script: 30000}, unhandledPromptBehavior: dismiss and notify, webauthn:extension:credBlob: true, webauthn:extension:largeBlob: true, webauthn:virtualAuthenticators: true}\nElement: [[ChromeDriver: chrome on WINDOWS (e8f9b9e6ce81bd22994f9938b10fe1c2)] -> name: lang]\nSession ID: e8f9b9e6ce81bd22994f9938b10fe1c2",
      "time" : {
        "start" : 1661162702206,
        "stop" : 1661162923712,
        "duration" : 221506
      }
    }, {
      "uid" : "8b7f07559e08f7f7",
      "status" : "failed",
      "statusDetails" : "Страница не доступна ==> Unexpected exception thrown: org.openqa.selenium.TimeoutException: java.util.concurrent.TimeoutException\nBuild info: version: '4.0.0', revision: '3a21814679'\nSystem info: host: 'WIN-LD0UV456BN0', ip: '192.168.56.1', os.name: 'Windows 10', os.arch: 'amd64', os.version: '10.0', java.version: '1.8.0_301'\nDriver info: org.openqa.selenium.chrome.ChromeDriver\nCommand: [00e595d94dccdaf13e4e5bdcbfbf65a2, get {url=https://www.livejournal.com/}]\nCapabilities {acceptInsecureCerts: false, browserName: chrome, browserVersion: 104.0.5112.101, chrome: {chromedriverVersion: 104.0.5112.79 (3cf3e8c8a07d..., userDataDir: C:\\Users\\user\\AppData\\Local...}, goog:chromeOptions: {debuggerAddress: localhost:52549}, javascriptEnabled: true, networkConnectionEnabled: false, pageLoadStrategy: normal, platform: WINDOWS, platformName: WINDOWS, proxy: Proxy(), se:cdp: ws://localhost:52549/devtoo..., se:cdpVersion: 104.0.5112.101, setWindowRect: true, strictFileInteractability: false, timeouts: {implicit: 0, pageLoad: 300000, script: 30000}, unhandledPromptBehavior: dismiss and notify, webauthn:extension:credBlob: true, webauthn:extension:largeBlob: true, webauthn:virtualAuthenticators: true}\nSession ID: 00e595d94dccdaf13e4e5bdcbfbf65a2",
      "time" : {
        "start" : 1661162365974,
        "stop" : 1661162546260,
        "duration" : 180286
      }
    }, {
      "uid" : "60b6df116450042f",
      "status" : "broken",
      "statusDetails" : "stale element reference: element is not attached to the page document\n  (Session info: chrome=104.0.5112.101)\nFor documentation on this error, please visit: https://selenium.dev/exceptions/#stale_element_reference\nBuild info: version: '4.0.0', revision: '3a21814679'\nSystem info: host: 'WIN-LD0UV456BN0', ip: '192.168.56.1', os.name: 'Windows 10', os.arch: 'amd64', os.version: '10.0', java.version: '1.8.0_301'\nDriver info: org.openqa.selenium.chrome.ChromeDriver\nCommand: [e60ec2916de507790726edcae8569e1e, isElementDisplayed {id=d72b03b8-be9f-4142-abbd-4875dc99ff4f}]\nCapabilities {acceptInsecureCerts: false, browserName: chrome, browserVersion: 104.0.5112.101, chrome: {chromedriverVersion: 104.0.5112.79 (3cf3e8c8a07d..., userDataDir: C:\\Users\\user\\AppData\\Local...}, goog:chromeOptions: {debuggerAddress: localhost:52063}, javascriptEnabled: true, networkConnectionEnabled: false, pageLoadStrategy: normal, platform: WINDOWS, platformName: WINDOWS, proxy: Proxy(), se:cdp: ws://localhost:52063/devtoo..., se:cdpVersion: 104.0.5112.101, setWindowRect: true, strictFileInteractability: false, timeouts: {implicit: 0, pageLoad: 300000, script: 30000}, unhandledPromptBehavior: dismiss and notify, webauthn:extension:credBlob: true, webauthn:extension:largeBlob: true, webauthn:virtualAuthenticators: true}\nElement: [[ChromeDriver: chrome on WINDOWS (e60ec2916de507790726edcae8569e1e)] -> name: lang]\nSession ID: e60ec2916de507790726edcae8569e1e",
      "time" : {
        "start" : 1661162050927,
        "stop" : 1661162163402,
        "duration" : 112475
      }
    }, {
      "uid" : "baf19f8c72ed3443",
      "status" : "failed",
      "statusDetails" : "Страница не доступна ==> Unexpected exception thrown: org.openqa.selenium.WebDriverException: unknown error: cannot determine loading status\nfrom disconnected: received Inspector.detached event\n  (Session info: chrome=104.0.5112.101)\nBuild info: version: '4.0.0', revision: '3a21814679'\nSystem info: host: 'WIN-LD0UV456BN0', ip: '192.168.56.1', os.name: 'Windows 10', os.arch: 'amd64', os.version: '10.0', java.version: '1.8.0_301'\nDriver info: org.openqa.selenium.chrome.ChromeDriver\nCommand: [2ab4963a208a40f20f6430f73f9e7e5d, get {url=https://www.livejournal.com/}]\nCapabilities {acceptInsecureCerts: false, browserName: chrome, browserVersion: 104.0.5112.101, chrome: {chromedriverVersion: 104.0.5112.79 (3cf3e8c8a07d..., userDataDir: C:\\Users\\user\\AppData\\Local...}, goog:chromeOptions: {debuggerAddress: localhost:52023}, javascriptEnabled: true, networkConnectionEnabled: false, pageLoadStrategy: normal, platform: WINDOWS, platformName: WINDOWS, proxy: Proxy(), se:cdp: ws://localhost:52023/devtoo..., se:cdpVersion: 104.0.5112.101, setWindowRect: true, strictFileInteractability: false, timeouts: {implicit: 0, pageLoad: 300000, script: 30000}, unhandledPromptBehavior: dismiss and notify, webauthn:extension:credBlob: true, webauthn:extension:largeBlob: true, webauthn:virtualAuthenticators: true}\nSession ID: 2ab4963a208a40f20f6430f73f9e7e5d",
      "time" : {
        "start" : 1661161983057,
        "stop" : 1661162019149,
        "duration" : 36092
      }
    }, {
      "uid" : "6413be2f4c23d584",
      "status" : "failed",
      "statusDetails" : "Страница не доступна ==> Unexpected exception thrown: org.openqa.selenium.TimeoutException: java.util.concurrent.TimeoutException\nBuild info: version: '4.0.0', revision: '3a21814679'\nSystem info: host: 'WIN-LD0UV456BN0', ip: '192.168.56.1', os.name: 'Windows 10', os.arch: 'amd64', os.version: '10.0', java.version: '1.8.0_301'\nDriver info: org.openqa.selenium.chrome.ChromeDriver\nCommand: [80f683725b9464586d0c18ab97404d38, get {url=https://www.livejournal.com/}]\nCapabilities {acceptInsecureCerts: false, browserName: chrome, browserVersion: 104.0.5112.101, chrome: {chromedriverVersion: 104.0.5112.79 (3cf3e8c8a07d..., userDataDir: C:\\Users\\user\\AppData\\Local...}, goog:chromeOptions: {debuggerAddress: localhost:51347}, javascriptEnabled: true, networkConnectionEnabled: false, pageLoadStrategy: normal, platform: WINDOWS, platformName: WINDOWS, proxy: Proxy(), se:cdp: ws://localhost:51347/devtoo..., se:cdpVersion: 104.0.5112.101, setWindowRect: true, strictFileInteractability: false, timeouts: {implicit: 0, pageLoad: 300000, script: 30000}, unhandledPromptBehavior: dismiss and notify, webauthn:extension:credBlob: true, webauthn:extension:largeBlob: true, webauthn:virtualAuthenticators: true}\nSession ID: 80f683725b9464586d0c18ab97404d38",
      "time" : {
        "start" : 1661161731703,
        "stop" : 1661161911898,
        "duration" : 180195
      }
    }, {
      "uid" : "8e3683c52bf5d0d7",
      "status" : "broken",
      "statusDetails" : "stale element reference: element is not attached to the page document\n  (Session info: chrome=104.0.5112.101)\nFor documentation on this error, please visit: https://selenium.dev/exceptions/#stale_element_reference\nBuild info: version: '4.0.0', revision: '3a21814679'\nSystem info: host: 'WIN-LD0UV456BN0', ip: '192.168.56.1', os.name: 'Windows 10', os.arch: 'amd64', os.version: '10.0', java.version: '1.8.0_301'\nDriver info: org.openqa.selenium.chrome.ChromeDriver\nCommand: [8471707f9094005c85a7e06580456562, isElementDisplayed {id=7846e90d-f5f0-4fbf-a2b9-7196660984de}]\nCapabilities {acceptInsecureCerts: false, browserName: chrome, browserVersion: 104.0.5112.101, chrome: {chromedriverVersion: 104.0.5112.79 (3cf3e8c8a07d..., userDataDir: C:\\Users\\user\\AppData\\Local...}, goog:chromeOptions: {debuggerAddress: localhost:50718}, javascriptEnabled: true, networkConnectionEnabled: false, pageLoadStrategy: normal, platform: WINDOWS, platformName: WINDOWS, proxy: Proxy(), se:cdp: ws://localhost:50718/devtoo..., se:cdpVersion: 104.0.5112.101, setWindowRect: true, strictFileInteractability: false, timeouts: {implicit: 0, pageLoad: 300000, script: 30000}, unhandledPromptBehavior: dismiss and notify, webauthn:extension:credBlob: true, webauthn:extension:largeBlob: true, webauthn:virtualAuthenticators: true}\nElement: [[ChromeDriver: chrome on WINDOWS (8471707f9094005c85a7e06580456562)] -> name: lang]\nSession ID: 8471707f9094005c85a7e06580456562",
      "time" : {
        "start" : 1661161386530,
        "stop" : 1661161641509,
        "duration" : 254979
      }
    }, {
      "uid" : "51619e7b3805b8d3",
      "status" : "passed",
      "time" : {
        "start" : 1661161143163,
        "stop" : 1661161263292,
        "duration" : 120129
      }
    }, {
      "uid" : "cf578f5af8720f26",
      "status" : "broken",
      "statusDetails" : "Expected condition failed: waiting for element to be clickable: [[ChromeDriver: chrome on WINDOWS (9219380f8785b0657f92e8b100c1d39a)] -> name: lang] (tried for 180 second(s) with 500 milliseconds interval)\nBuild info: version: '4.0.0', revision: '3a21814679'\nSystem info: host: 'WIN-LD0UV456BN0', ip: '192.168.56.1', os.name: 'Windows 10', os.arch: 'amd64', os.version: '10.0', java.version: '1.8.0_301'\nDriver info: org.openqa.selenium.chrome.ChromeDriver\nCapabilities {acceptInsecureCerts: false, browserName: chrome, browserVersion: 104.0.5112.101, chrome: {chromedriverVersion: 104.0.5112.79 (3cf3e8c8a07d..., userDataDir: C:\\Users\\user\\AppData\\Local...}, goog:chromeOptions: {debuggerAddress: localhost:55476}, javascriptEnabled: true, networkConnectionEnabled: false, pageLoadStrategy: normal, platform: WINDOWS, platformName: WINDOWS, proxy: Proxy(), se:cdp: ws://localhost:55476/devtoo..., se:cdpVersion: 104.0.5112.101, setWindowRect: true, strictFileInteractability: false, timeouts: {implicit: 0, pageLoad: 300000, script: 30000}, unhandledPromptBehavior: dismiss and notify, webauthn:extension:credBlob: true, webauthn:extension:largeBlob: true, webauthn:virtualAuthenticators: true}\nSession ID: 9219380f8785b0657f92e8b100c1d39a",
      "time" : {
        "start" : 1661157142102,
        "stop" : 1661157425422,
        "duration" : 283320
      }
    }, {
      "uid" : "53e785bd7bee9abc",
      "status" : "broken",
      "statusDetails" : "stale element reference: element is not attached to the page document\n  (Session info: chrome=104.0.5112.101)\nFor documentation on this error, please visit: https://selenium.dev/exceptions/#stale_element_reference\nBuild info: version: '4.0.0', revision: '3a21814679'\nSystem info: host: 'WIN-LD0UV456BN0', ip: '192.168.56.1', os.name: 'Windows 10', os.arch: 'amd64', os.version: '10.0', java.version: '1.8.0_301'\nDriver info: org.openqa.selenium.chrome.ChromeDriver\nCommand: [2aa7a7f894b31251c000500f49f73869, isElementDisplayed {id=9a219dc6-d1f3-44d7-9b39-b65b751d5776}]\nCapabilities {acceptInsecureCerts: false, browserName: chrome, browserVersion: 104.0.5112.101, chrome: {chromedriverVersion: 104.0.5112.79 (3cf3e8c8a07d..., userDataDir: C:\\Users\\user\\AppData\\Local...}, goog:chromeOptions: {debuggerAddress: localhost:54242}, javascriptEnabled: true, networkConnectionEnabled: false, pageLoadStrategy: normal, platform: WINDOWS, platformName: WINDOWS, proxy: Proxy(), se:cdp: ws://localhost:54242/devtoo..., se:cdpVersion: 104.0.5112.101, setWindowRect: true, strictFileInteractability: false, timeouts: {implicit: 0, pageLoad: 300000, script: 30000}, unhandledPromptBehavior: dismiss and notify, webauthn:extension:credBlob: true, webauthn:extension:largeBlob: true, webauthn:virtualAuthenticators: true}\nElement: [[ChromeDriver: chrome on WINDOWS (2aa7a7f894b31251c000500f49f73869)] -> name: lang]\nSession ID: 2aa7a7f894b31251c000500f49f73869",
      "time" : {
        "start" : 1661156449489,
        "stop" : 1661156681410,
        "duration" : 231921
      }
    }, {
      "uid" : "29c78bcf02858a44",
      "status" : "broken",
      "statusDetails" : "Expected condition failed: waiting for visibility of [[ChromeDriver: chrome on WINDOWS (1e0452a3446cddb6ba78e31abbfacfa5)] -> name: lang] (tried for 90 second(s) with 500 milliseconds interval)\nBuild info: version: '4.0.0', revision: '3a21814679'\nSystem info: host: 'WIN-LD0UV456BN0', ip: '192.168.56.1', os.name: 'Windows 10', os.arch: 'amd64', os.version: '10.0', java.version: '1.8.0_301'\nDriver info: org.openqa.selenium.chrome.ChromeDriver\nCapabilities {acceptInsecureCerts: false, browserName: chrome, browserVersion: 104.0.5112.101, chrome: {chromedriverVersion: 104.0.5112.79 (3cf3e8c8a07d..., userDataDir: C:\\Users\\user\\AppData\\Local...}, goog:chromeOptions: {debuggerAddress: localhost:53452}, javascriptEnabled: true, networkConnectionEnabled: false, pageLoadStrategy: normal, platform: WINDOWS, platformName: WINDOWS, proxy: Proxy(), se:cdp: ws://localhost:53452/devtoo..., se:cdpVersion: 104.0.5112.101, setWindowRect: true, strictFileInteractability: false, timeouts: {implicit: 0, pageLoad: 300000, script: 30000}, unhandledPromptBehavior: dismiss and notify, webauthn:extension:credBlob: true, webauthn:extension:largeBlob: true, webauthn:virtualAuthenticators: true}\nSession ID: 1e0452a3446cddb6ba78e31abbfacfa5",
      "time" : {
        "start" : 1661155887589,
        "stop" : 1661156145607,
        "duration" : 258018
      }
    }, {
      "uid" : "d3f8c7bc7ce01aa0",
      "status" : "broken",
      "statusDetails" : "Expected condition failed: waiting for visibility of [[ChromeDriver: chrome on WINDOWS (86182b38c416a9ed93c0a3c155b8a760)] -> name: lang] (tried for 5 second(s) with 500 milliseconds interval)\nBuild info: version: '4.0.0', revision: '3a21814679'\nSystem info: host: 'WIN-LD0UV456BN0', ip: '192.168.56.1', os.name: 'Windows 10', os.arch: 'amd64', os.version: '10.0', java.version: '1.8.0_301'\nDriver info: org.openqa.selenium.chrome.ChromeDriver\nCapabilities {acceptInsecureCerts: false, browserName: chrome, browserVersion: 104.0.5112.101, chrome: {chromedriverVersion: 104.0.5112.79 (3cf3e8c8a07d..., userDataDir: C:\\Users\\user\\AppData\\Local...}, goog:chromeOptions: {debuggerAddress: localhost:53094}, javascriptEnabled: true, networkConnectionEnabled: false, pageLoadStrategy: normal, platform: WINDOWS, platformName: WINDOWS, proxy: Proxy(), se:cdp: ws://localhost:53094/devtoo..., se:cdpVersion: 104.0.5112.101, setWindowRect: true, strictFileInteractability: false, timeouts: {implicit: 0, pageLoad: 300000, script: 30000}, unhandledPromptBehavior: dismiss and notify, webauthn:extension:credBlob: true, webauthn:extension:largeBlob: true, webauthn:virtualAuthenticators: true}\nSession ID: 86182b38c416a9ed93c0a3c155b8a760",
      "time" : {
        "start" : 1661155582411,
        "stop" : 1661155637471,
        "duration" : 55060
      }
    }, {
      "uid" : "36c61d6ed7077711",
      "status" : "broken",
      "statusDetails" : "org.openqa.selenium.remote.RemoteWebElement cannot be cast to org.openqa.selenium.By",
      "time" : {
        "start" : 1661154695424,
        "stop" : 1661154728656,
        "duration" : 33232
      }
    }, {
      "uid" : "f613fe8682397605",
      "status" : "broken",
      "statusDetails" : "stale element reference: element is not attached to the page document\n  (Session info: chrome=104.0.5112.101)\nFor documentation on this error, please visit: https://selenium.dev/exceptions/#stale_element_reference\nBuild info: version: '4.0.0', revision: '3a21814679'\nSystem info: host: 'WIN-LD0UV456BN0', ip: '192.168.56.1', os.name: 'Windows 10', os.arch: 'amd64', os.version: '10.0', java.version: '1.8.0_301'\nDriver info: org.openqa.selenium.chrome.ChromeDriver\nCommand: [b01662565e33d2e612b838248321e8dd, isElementDisplayed {id=e1604613-d38f-4490-a52e-bb2b750081fe}]\nCapabilities {acceptInsecureCerts: false, browserName: chrome, browserVersion: 104.0.5112.101, chrome: {chromedriverVersion: 104.0.5112.79 (3cf3e8c8a07d..., userDataDir: C:\\Users\\user\\AppData\\Local...}, goog:chromeOptions: {debuggerAddress: localhost:50636}, javascriptEnabled: true, networkConnectionEnabled: false, pageLoadStrategy: normal, platform: WINDOWS, platformName: WINDOWS, proxy: Proxy(), se:cdp: ws://localhost:50636/devtoo..., se:cdpVersion: 104.0.5112.101, setWindowRect: true, strictFileInteractability: false, timeouts: {implicit: 0, pageLoad: 300000, script: 30000}, unhandledPromptBehavior: dismiss and notify, webauthn:extension:credBlob: true, webauthn:extension:largeBlob: true, webauthn:virtualAuthenticators: true}\nElement: [[ChromeDriver: chrome on WINDOWS (b01662565e33d2e612b838248321e8dd)] -> name: lang]\nSession ID: b01662565e33d2e612b838248321e8dd",
      "time" : {
        "start" : 1661152882946,
        "stop" : 1661152988927,
        "duration" : 105981
      }
    }, {
      "uid" : "7958f3feb0b863c5",
      "status" : "broken",
      "statusDetails" : "Expected condition failed: waiting for visibility of [[ChromeDriver: chrome on WINDOWS (1b3113d7b4bf5dc3e85f51b8617b28dc)] -> name: lang] (tried for 30 second(s) with 500 milliseconds interval)\nBuild info: version: '4.0.0', revision: '3a21814679'\nSystem info: host: 'WIN-LD0UV456BN0', ip: '192.168.56.1', os.name: 'Windows 10', os.arch: 'amd64', os.version: '10.0', java.version: '1.8.0_301'\nDriver info: org.openqa.selenium.chrome.ChromeDriver\nCapabilities {acceptInsecureCerts: false, browserName: chrome, browserVersion: 104.0.5112.101, chrome: {chromedriverVersion: 104.0.5112.79 (3cf3e8c8a07d..., userDataDir: C:\\Users\\user\\AppData\\Local...}, goog:chromeOptions: {debuggerAddress: localhost:49628}, javascriptEnabled: true, networkConnectionEnabled: false, pageLoadStrategy: normal, platform: WINDOWS, platformName: WINDOWS, proxy: Proxy(), se:cdp: ws://localhost:49628/devtoo..., se:cdpVersion: 104.0.5112.101, setWindowRect: true, strictFileInteractability: false, timeouts: {implicit: 0, pageLoad: 300000, script: 30000}, unhandledPromptBehavior: dismiss and notify, webauthn:extension:credBlob: true, webauthn:extension:largeBlob: true, webauthn:virtualAuthenticators: true}\nSession ID: 1b3113d7b4bf5dc3e85f51b8617b28dc",
      "time" : {
        "start" : 1661152588973,
        "stop" : 1661152770246,
        "duration" : 181273
      }
    }, {
      "uid" : "42f59ac5b6b9d1ae",
      "status" : "broken",
      "statusDetails" : "element not interactable: Element is not currently visible and may not be manipulated\n  (Session info: chrome=104.0.5112.101)\nBuild info: version: '4.0.0', revision: '3a21814679'\nSystem info: host: 'WIN-LD0UV456BN0', ip: '192.168.56.1', os.name: 'Windows 10', os.arch: 'amd64', os.version: '10.0', java.version: '1.8.0_301'\nDriver info: org.openqa.selenium.chrome.ChromeDriver\nCommand: [6fd61d4f339273ac18ce945147c6020d, clickElement {id=5067447f-5513-41d8-8940-cb7fa5e0329a}]\nCapabilities {acceptInsecureCerts: false, browserName: chrome, browserVersion: 104.0.5112.101, chrome: {chromedriverVersion: 104.0.5112.79 (3cf3e8c8a07d..., userDataDir: C:\\Users\\user\\AppData\\Local...}, goog:chromeOptions: {debuggerAddress: localhost:50686}, javascriptEnabled: true, networkConnectionEnabled: false, pageLoadStrategy: normal, platform: WINDOWS, platformName: WINDOWS, proxy: Proxy(), se:cdp: ws://localhost:50686/devtoo..., se:cdpVersion: 104.0.5112.101, setWindowRect: true, strictFileInteractability: false, timeouts: {implicit: 0, pageLoad: 300000, script: 30000}, unhandledPromptBehavior: dismiss and notify, webauthn:extension:credBlob: true, webauthn:extension:largeBlob: true, webauthn:virtualAuthenticators: true}\nElement: [[[[ChromeDriver: chrome on WINDOWS (6fd61d4f339273ac18ce945147c6020d)] -> name: lang]] -> xpath: .//option[@value = \"en_LJ\"]]\nSession ID: 6fd61d4f339273ac18ce945147c6020d",
      "time" : {
        "start" : 1661151816281,
        "stop" : 1661151867171,
        "duration" : 50890
      }
    }, {
      "uid" : "51bf0c5acb8ae086",
      "status" : "broken",
      "statusDetails" : "org.openqa.selenium.By$ByName cannot be cast to org.openqa.selenium.WebElement",
      "time" : {
        "start" : 1661151254997,
        "stop" : 1661151293250,
        "duration" : 38253
      }
    }, {
      "uid" : "d8dde4c6ef12640d",
      "status" : "broken",
      "statusDetails" : "org.openqa.selenium.By$ByName cannot be cast to org.openqa.selenium.WebElement",
      "time" : {
        "start" : 1661111073923,
        "stop" : 1661111127792,
        "duration" : 53869
      }
    }, {
      "uid" : "49f51808ca9de591",
      "status" : "broken",
      "statusDetails" : "Expected condition failed: waiting for element to be clickable: By.name: lang (tried for 60 second(s) with 500 milliseconds interval)\nBuild info: version: '4.0.0', revision: '3a21814679'\nSystem info: host: 'WIN-LD0UV456BN0', ip: '192.168.56.1', os.name: 'Windows 10', os.arch: 'amd64', os.version: '10.0', java.version: '1.8.0_301'\nDriver info: org.openqa.selenium.chrome.ChromeDriver\nCapabilities {acceptInsecureCerts: false, browserName: chrome, browserVersion: 104.0.5112.101, chrome: {chromedriverVersion: 104.0.5112.79 (3cf3e8c8a07d..., userDataDir: C:\\Users\\user\\AppData\\Local...}, goog:chromeOptions: {debuggerAddress: localhost:51876}, javascriptEnabled: true, networkConnectionEnabled: false, pageLoadStrategy: normal, platform: WINDOWS, platformName: WINDOWS, proxy: Proxy(), se:cdp: ws://localhost:51876/devtoo..., se:cdpVersion: 104.0.5112.101, setWindowRect: true, strictFileInteractability: false, timeouts: {implicit: 0, pageLoad: 300000, script: 30000}, unhandledPromptBehavior: dismiss and notify, webauthn:extension:credBlob: true, webauthn:extension:largeBlob: true, webauthn:virtualAuthenticators: true}\nSession ID: 9f7d24a09d29ccfa8af882226cb89221",
      "time" : {
        "start" : 1661110555095,
        "stop" : 1661110802840,
        "duration" : 247745
      }
    }, {
      "uid" : "4db3ee3edf6431a9",
      "status" : "failed",
      "statusDetails" : "Страница не доступна ==> Unexpected exception thrown: org.openqa.selenium.TimeoutException: java.util.concurrent.TimeoutException\nBuild info: version: '4.0.0', revision: '3a21814679'\nSystem info: host: 'WIN-LD0UV456BN0', ip: '192.168.56.1', os.name: 'Windows 10', os.arch: 'amd64', os.version: '10.0', java.version: '1.8.0_301'\nDriver info: org.openqa.selenium.chrome.ChromeDriver\nCommand: [2a403ec9fb1992db88015801a077bee5, get {url=https://www.livejournal.com/}]\nCapabilities {acceptInsecureCerts: false, browserName: chrome, browserVersion: 104.0.5112.101, chrome: {chromedriverVersion: 104.0.5112.79 (3cf3e8c8a07d..., userDataDir: C:\\Users\\user\\AppData\\Local...}, goog:chromeOptions: {debuggerAddress: localhost:51292}, javascriptEnabled: true, networkConnectionEnabled: false, pageLoadStrategy: normal, platform: WINDOWS, platformName: WINDOWS, proxy: Proxy(), se:cdp: ws://localhost:51292/devtoo..., se:cdpVersion: 104.0.5112.101, setWindowRect: true, strictFileInteractability: false, timeouts: {implicit: 0, pageLoad: 300000, script: 30000}, unhandledPromptBehavior: dismiss and notify, webauthn:extension:credBlob: true, webauthn:extension:largeBlob: true, webauthn:virtualAuthenticators: true}\nSession ID: 2a403ec9fb1992db88015801a077bee5",
      "time" : {
        "start" : 1661110270311,
        "stop" : 1661110450612,
        "duration" : 180301
      }
    }, {
      "uid" : "869655266ecaa5aa",
      "status" : "broken",
      "statusDetails" : "Expected condition failed: waiting for element to be clickable: By.name: lang (tried for 30 second(s) with 500 milliseconds interval)\nBuild info: version: '4.0.0', revision: '3a21814679'\nSystem info: host: 'WIN-LD0UV456BN0', ip: '192.168.56.1', os.name: 'Windows 10', os.arch: 'amd64', os.version: '10.0', java.version: '1.8.0_301'\nDriver info: org.openqa.selenium.chrome.ChromeDriver\nCapabilities {acceptInsecureCerts: false, browserName: chrome, browserVersion: 104.0.5112.101, chrome: {chromedriverVersion: 104.0.5112.79 (3cf3e8c8a07d..., userDataDir: C:\\Users\\user\\AppData\\Local...}, goog:chromeOptions: {debuggerAddress: localhost:50569}, javascriptEnabled: true, networkConnectionEnabled: false, pageLoadStrategy: normal, platform: WINDOWS, platformName: WINDOWS, proxy: Proxy(), se:cdp: ws://localhost:50569/devtoo..., se:cdpVersion: 104.0.5112.101, setWindowRect: true, strictFileInteractability: false, timeouts: {implicit: 0, pageLoad: 300000, script: 30000}, unhandledPromptBehavior: dismiss and notify, webauthn:extension:credBlob: true, webauthn:extension:largeBlob: true, webauthn:virtualAuthenticators: true}\nSession ID: c2d81ac559aeb7d7a4d9e88bee0ae871",
      "time" : {
        "start" : 1661109948065,
        "stop" : 1661110125951,
        "duration" : 177886
      }
    }, {
      "uid" : "6e25e7b462653991",
      "status" : "broken",
      "statusDetails" : "Expected condition failed: waiting for element to be clickable: By.name: lang (tried for 30 second(s) with 500 milliseconds interval)\nBuild info: version: '4.0.0', revision: '3a21814679'\nSystem info: host: 'WIN-LD0UV456BN0', ip: '192.168.56.1', os.name: 'Windows 10', os.arch: 'amd64', os.version: '10.0', java.version: '1.8.0_301'\nDriver info: org.openqa.selenium.chrome.ChromeDriver\nCapabilities {acceptInsecureCerts: false, browserName: chrome, browserVersion: 104.0.5112.101, chrome: {chromedriverVersion: 104.0.5112.79 (3cf3e8c8a07d..., userDataDir: C:\\Users\\user\\AppData\\Local...}, goog:chromeOptions: {debuggerAddress: localhost:62846}, javascriptEnabled: true, networkConnectionEnabled: false, pageLoadStrategy: normal, platform: WINDOWS, platformName: WINDOWS, proxy: Proxy(), se:cdp: ws://localhost:62846/devtoo..., se:cdpVersion: 104.0.5112.101, setWindowRect: true, strictFileInteractability: false, timeouts: {implicit: 0, pageLoad: 300000, script: 30000}, unhandledPromptBehavior: dismiss and notify, webauthn:extension:credBlob: true, webauthn:extension:largeBlob: true, webauthn:virtualAuthenticators: true}\nSession ID: 488c3f68cf6396e0ec2272a323c59a51",
      "time" : {
        "start" : 1661108945067,
        "stop" : 1661109037193,
        "duration" : 92126
      }
    }, {
      "uid" : "d1d4a1a1f50e8642",
      "status" : "broken",
      "statusDetails" : "stale element reference: element is not attached to the page document\n  (Session info: chrome=104.0.5112.101)\nFor documentation on this error, please visit: https://selenium.dev/exceptions/#stale_element_reference\nBuild info: version: '4.0.0', revision: '3a21814679'\nSystem info: host: 'WIN-LD0UV456BN0', ip: '192.168.56.1', os.name: 'Windows 10', os.arch: 'amd64', os.version: '10.0', java.version: '1.8.0_301'\nDriver info: org.openqa.selenium.chrome.ChromeDriver\nCommand: [b2ecc93cd3bd6cf4fcf3dccd99a8c71a, sendKeysToElement {id=54ea70b6-585a-4a25-8c95-421cc88f144c, value=[Ljava.lang.CharSequence;@191e654}]\nCapabilities {acceptInsecureCerts: false, browserName: chrome, browserVersion: 104.0.5112.101, chrome: {chromedriverVersion: 104.0.5112.79 (3cf3e8c8a07d..., userDataDir: C:\\Users\\user\\AppData\\Local...}, goog:chromeOptions: {debuggerAddress: localhost:60833}, javascriptEnabled: true, networkConnectionEnabled: false, pageLoadStrategy: normal, platform: WINDOWS, platformName: WINDOWS, proxy: Proxy(), se:cdp: ws://localhost:60833/devtoo..., se:cdpVersion: 104.0.5112.101, setWindowRect: true, strictFileInteractability: false, timeouts: {implicit: 0, pageLoad: 300000, script: 30000}, unhandledPromptBehavior: dismiss and notify, webauthn:extension:credBlob: true, webauthn:extension:largeBlob: true, webauthn:virtualAuthenticators: true}\nElement: [[ChromeDriver: chrome on WINDOWS (b2ecc93cd3bd6cf4fcf3dccd99a8c71a)] -> name: lang]\nSession ID: b2ecc93cd3bd6cf4fcf3dccd99a8c71a",
      "time" : {
        "start" : 1661108112094,
        "stop" : 1661108295569,
        "duration" : 183475
      }
    }, {
      "uid" : "a821babea1f41ff1",
      "status" : "broken",
      "statusDetails" : "stale element reference: element is not attached to the page document\n  (Session info: chrome=104.0.5112.101)\nFor documentation on this error, please visit: https://selenium.dev/exceptions/#stale_element_reference\nBuild info: version: '4.0.0', revision: '3a21814679'\nSystem info: host: 'WIN-LD0UV456BN0', ip: '192.168.56.1', os.name: 'Windows 10', os.arch: 'amd64', os.version: '10.0', java.version: '1.8.0_301'\nDriver info: org.openqa.selenium.chrome.ChromeDriver\nCommand: [461eaae756676653164437d625b844e8, getElementTagName {id=e9ea0184-3ebe-4a1f-8f34-fae6e9160231}]\nCapabilities {acceptInsecureCerts: false, browserName: chrome, browserVersion: 104.0.5112.101, chrome: {chromedriverVersion: 104.0.5112.79 (3cf3e8c8a07d..., userDataDir: C:\\Users\\user\\AppData\\Local...}, goog:chromeOptions: {debuggerAddress: localhost:60042}, javascriptEnabled: true, networkConnectionEnabled: false, pageLoadStrategy: normal, platform: WINDOWS, platformName: WINDOWS, proxy: Proxy(), se:cdp: ws://localhost:60042/devtoo..., se:cdpVersion: 104.0.5112.101, setWindowRect: true, strictFileInteractability: false, timeouts: {implicit: 0, pageLoad: 300000, script: 30000}, unhandledPromptBehavior: dismiss and notify, webauthn:extension:credBlob: true, webauthn:extension:largeBlob: true, webauthn:virtualAuthenticators: true}\nElement: [[ChromeDriver: chrome on WINDOWS (461eaae756676653164437d625b844e8)] -> name: lang]\nSession ID: 461eaae756676653164437d625b844e8",
      "time" : {
        "start" : 1661107640408,
        "stop" : 1661107869326,
        "duration" : 228918
      }
    }, {
      "uid" : "5f60894fffff8251",
      "status" : "broken",
      "statusDetails" : "stale element reference: element is not attached to the page document\n  (Session info: chrome=104.0.5112.101)\nFor documentation on this error, please visit: https://selenium.dev/exceptions/#stale_element_reference\nBuild info: version: '4.0.0', revision: '3a21814679'\nSystem info: host: 'WIN-LD0UV456BN0', ip: '192.168.56.1', os.name: 'Windows 10', os.arch: 'amd64', os.version: '10.0', java.version: '1.8.0_301'\nDriver info: org.openqa.selenium.chrome.ChromeDriver\nCommand: [d3ff4508b0908a8e7a952e0d0b6ab32c, getElementTagName {id=6b6b8f60-465e-4753-8489-c05a864a48ff}]\nCapabilities {acceptInsecureCerts: false, browserName: chrome, browserVersion: 104.0.5112.101, chrome: {chromedriverVersion: 104.0.5112.79 (3cf3e8c8a07d..., userDataDir: C:\\Users\\user\\AppData\\Local...}, goog:chromeOptions: {debuggerAddress: localhost:59006}, javascriptEnabled: true, networkConnectionEnabled: false, pageLoadStrategy: normal, platform: WINDOWS, platformName: WINDOWS, proxy: Proxy(), se:cdp: ws://localhost:59006/devtoo..., se:cdpVersion: 104.0.5112.101, setWindowRect: true, strictFileInteractability: false, timeouts: {implicit: 0, pageLoad: 300000, script: 30000}, unhandledPromptBehavior: dismiss and notify, webauthn:extension:credBlob: true, webauthn:extension:largeBlob: true, webauthn:virtualAuthenticators: true}\nElement: [[ChromeDriver: chrome on WINDOWS (d3ff4508b0908a8e7a952e0d0b6ab32c)] -> name: lang]\nSession ID: d3ff4508b0908a8e7a952e0d0b6ab32c",
      "time" : {
        "start" : 1661107272549,
        "stop" : 1661107450499,
        "duration" : 177950
      }
    }, {
      "uid" : "e479694b5e6a191d",
      "status" : "broken",
      "statusDetails" : "stale element reference: element is not attached to the page document\n  (Session info: chrome=104.0.5112.101)\nFor documentation on this error, please visit: https://selenium.dev/exceptions/#stale_element_reference\nBuild info: version: '4.0.0', revision: '3a21814679'\nSystem info: host: 'WIN-LD0UV456BN0', ip: '192.168.56.1', os.name: 'Windows 10', os.arch: 'amd64', os.version: '10.0', java.version: '1.8.0_301'\nDriver info: org.openqa.selenium.chrome.ChromeDriver\nCommand: [d3268c0ef6a8b26d3e513a9631355b1b, getElementTagName {id=bd0f393e-4011-4eb3-9fd9-b9be4d425e21}]\nCapabilities {acceptInsecureCerts: false, browserName: chrome, browserVersion: 104.0.5112.101, chrome: {chromedriverVersion: 104.0.5112.79 (3cf3e8c8a07d..., userDataDir: C:\\Users\\user\\AppData\\Local...}, goog:chromeOptions: {debuggerAddress: localhost:58044}, javascriptEnabled: true, networkConnectionEnabled: false, pageLoadStrategy: normal, platform: WINDOWS, platformName: WINDOWS, proxy: Proxy(), se:cdp: ws://localhost:58044/devtoo..., se:cdpVersion: 104.0.5112.101, setWindowRect: true, strictFileInteractability: false, timeouts: {implicit: 0, pageLoad: 300000, script: 30000}, unhandledPromptBehavior: dismiss and notify, webauthn:extension:credBlob: true, webauthn:extension:largeBlob: true, webauthn:virtualAuthenticators: true}\nElement: [[ChromeDriver: chrome on WINDOWS (d3268c0ef6a8b26d3e513a9631355b1b)] -> name: lang]\nSession ID: d3268c0ef6a8b26d3e513a9631355b1b",
      "time" : {
        "start" : 1661106962895,
        "stop" : 1661107009617,
        "duration" : 46722
      }
    }, {
      "uid" : "8711ab1c5768526d",
      "status" : "broken",
      "statusDetails" : "stale element reference: element is not attached to the page document\n  (Session info: chrome=104.0.5112.101)\nFor documentation on this error, please visit: https://selenium.dev/exceptions/#stale_element_reference\nBuild info: version: '4.0.0', revision: '3a21814679'\nSystem info: host: 'WIN-LD0UV456BN0', ip: '192.168.56.1', os.name: 'Windows 10', os.arch: 'amd64', os.version: '10.0', java.version: '1.8.0_301'\nDriver info: org.openqa.selenium.chrome.ChromeDriver\nCommand: [d7c45679e4fa2e1f258c85bc32f89b74, clickElement {id=457e6873-ffb3-4064-8e3d-271fa2637862}]\nCapabilities {acceptInsecureCerts: false, browserName: chrome, browserVersion: 104.0.5112.101, chrome: {chromedriverVersion: 104.0.5112.79 (3cf3e8c8a07d..., userDataDir: C:\\Users\\user\\AppData\\Local...}, goog:chromeOptions: {debuggerAddress: localhost:50038}, javascriptEnabled: true, networkConnectionEnabled: false, pageLoadStrategy: normal, platform: WINDOWS, platformName: WINDOWS, proxy: Proxy(), se:cdp: ws://localhost:50038/devtoo..., se:cdpVersion: 104.0.5112.101, setWindowRect: true, strictFileInteractability: false, timeouts: {implicit: 0, pageLoad: 300000, script: 30000}, unhandledPromptBehavior: dismiss and notify, webauthn:extension:credBlob: true, webauthn:extension:largeBlob: true, webauthn:virtualAuthenticators: true}\nElement: [[[[ChromeDriver: chrome on WINDOWS (d7c45679e4fa2e1f258c85bc32f89b74)] -> name: lang]] -> xpath: .//option[normalize-space(.) = \"English\"]]\nSession ID: d7c45679e4fa2e1f258c85bc32f89b74",
      "time" : {
        "start" : 1661106261951,
        "stop" : 1661106333034,
        "duration" : 71083
      }
    }, {
      "uid" : "f9b2cede03864cff",
      "status" : "broken",
      "statusDetails" : "element not interactable: Element is not currently visible and may not be manipulated\n  (Session info: chrome=104.0.5112.101)\nBuild info: version: '4.0.0', revision: '3a21814679'\nSystem info: host: 'WIN-LD0UV456BN0', ip: '192.168.56.1', os.name: 'Windows 10', os.arch: 'amd64', os.version: '10.0', java.version: '1.8.0_301'\nDriver info: org.openqa.selenium.chrome.ChromeDriver\nCommand: [adf2afc90d87778cc1d6a527d09ceb76, clickElement {id=7154a0d7-f2b0-41c9-b71f-3516f063ef22}]\nCapabilities {acceptInsecureCerts: false, browserName: chrome, browserVersion: 104.0.5112.101, chrome: {chromedriverVersion: 104.0.5112.79 (3cf3e8c8a07d..., userDataDir: C:\\Users\\user\\AppData\\Local...}, goog:chromeOptions: {debuggerAddress: localhost:65378}, javascriptEnabled: true, networkConnectionEnabled: false, pageLoadStrategy: normal, platform: WINDOWS, platformName: WINDOWS, proxy: Proxy(), se:cdp: ws://localhost:65378/devtoo..., se:cdpVersion: 104.0.5112.101, setWindowRect: true, strictFileInteractability: false, timeouts: {implicit: 0, pageLoad: 300000, script: 30000}, unhandledPromptBehavior: dismiss and notify, webauthn:extension:credBlob: true, webauthn:extension:largeBlob: true, webauthn:virtualAuthenticators: true}\nElement: [[[[ChromeDriver: chrome on WINDOWS (adf2afc90d87778cc1d6a527d09ceb76)] -> name: lang]] -> tag name: option]\nSession ID: adf2afc90d87778cc1d6a527d09ceb76",
      "time" : {
        "start" : 1661104421844,
        "stop" : 1661104502296,
        "duration" : 80452
      }
    }, {
      "uid" : "81fac18692500681",
      "status" : "broken",
      "statusDetails" : "stale element reference: element is not attached to the page document\n  (Session info: chrome=104.0.5112.101)\nFor documentation on this error, please visit: https://selenium.dev/exceptions/#stale_element_reference\nBuild info: version: '4.0.0', revision: '3a21814679'\nSystem info: host: 'WIN-LD0UV456BN0', ip: '192.168.56.1', os.name: 'Windows 10', os.arch: 'amd64', os.version: '10.0', java.version: '1.8.0_301'\nDriver info: org.openqa.selenium.chrome.ChromeDriver\nCommand: [df3315aa4f4192eb14cdaeacab6125c2, getElementAttribute {id=0d9ee840-06e3-4ae1-a0d2-b258b372cc5f, name=index}]\nCapabilities {acceptInsecureCerts: false, browserName: chrome, browserVersion: 104.0.5112.101, chrome: {chromedriverVersion: 104.0.5112.79 (3cf3e8c8a07d..., userDataDir: C:\\Users\\user\\AppData\\Local...}, goog:chromeOptions: {debuggerAddress: localhost:64417}, javascriptEnabled: true, networkConnectionEnabled: false, pageLoadStrategy: normal, platform: WINDOWS, platformName: WINDOWS, proxy: Proxy(), se:cdp: ws://localhost:64417/devtoo..., se:cdpVersion: 104.0.5112.101, setWindowRect: true, strictFileInteractability: false, timeouts: {implicit: 0, pageLoad: 300000, script: 30000}, unhandledPromptBehavior: dismiss and notify, webauthn:extension:credBlob: true, webauthn:extension:largeBlob: true, webauthn:virtualAuthenticators: true}\nElement: [[[[ChromeDriver: chrome on WINDOWS (df3315aa4f4192eb14cdaeacab6125c2)] -> name: lang]] -> tag name: option]\nSession ID: df3315aa4f4192eb14cdaeacab6125c2",
      "time" : {
        "start" : 1661103950948,
        "stop" : 1661104073314,
        "duration" : 122366
      }
    }, {
      "uid" : "47d1c59127386ce9",
      "status" : "broken",
      "statusDetails" : "element not interactable: Element is not currently visible and may not be manipulated\n  (Session info: chrome=104.0.5112.101)\nBuild info: version: '4.0.0', revision: '3a21814679'\nSystem info: host: 'WIN-LD0UV456BN0', ip: '192.168.56.1', os.name: 'Windows 10', os.arch: 'amd64', os.version: '10.0', java.version: '1.8.0_301'\nDriver info: org.openqa.selenium.chrome.ChromeDriver\nCommand: [ca1872d7797ec47c5003e30d1dd55bc5, clickElement {id=d2c3baa6-7015-46e5-8d5c-74d5db22b789}]\nCapabilities {acceptInsecureCerts: false, browserName: chrome, browserVersion: 104.0.5112.101, chrome: {chromedriverVersion: 104.0.5112.79 (3cf3e8c8a07d..., userDataDir: C:\\Users\\user\\AppData\\Local...}, goog:chromeOptions: {debuggerAddress: localhost:63324}, javascriptEnabled: true, networkConnectionEnabled: false, pageLoadStrategy: normal, platform: WINDOWS, platformName: WINDOWS, proxy: Proxy(), se:cdp: ws://localhost:63324/devtoo..., se:cdpVersion: 104.0.5112.101, setWindowRect: true, strictFileInteractability: false, timeouts: {implicit: 0, pageLoad: 300000, script: 30000}, unhandledPromptBehavior: dismiss and notify, webauthn:extension:credBlob: true, webauthn:extension:largeBlob: true, webauthn:virtualAuthenticators: true}\nElement: [[[[ChromeDriver: chrome on WINDOWS (ca1872d7797ec47c5003e30d1dd55bc5)] -> name: lang]] -> tag name: option]\nSession ID: ca1872d7797ec47c5003e30d1dd55bc5",
      "time" : {
        "start" : 1661103528416,
        "stop" : 1661103623465,
        "duration" : 95049
      }
    }, {
      "uid" : "72677254d956100c",
      "status" : "broken",
      "statusDetails" : "stale element reference: element is not attached to the page document\n  (Session info: chrome=104.0.5112.101)\nFor documentation on this error, please visit: https://selenium.dev/exceptions/#stale_element_reference\nBuild info: version: '4.0.0', revision: '3a21814679'\nSystem info: host: 'WIN-LD0UV456BN0', ip: '192.168.56.1', os.name: 'Windows 10', os.arch: 'amd64', os.version: '10.0', java.version: '1.8.0_301'\nDriver info: org.openqa.selenium.chrome.ChromeDriver\nCommand: [486d5559c1f8c3b00f1ad6975c672136, findChildElements {id=dfaa8b36-ce90-409c-af66-1d62a5a4ecb6, using=xpath, value=.//option[@value = \"English\"]}]\nCapabilities {acceptInsecureCerts: false, browserName: chrome, browserVersion: 104.0.5112.101, chrome: {chromedriverVersion: 104.0.5112.79 (3cf3e8c8a07d..., userDataDir: C:\\Users\\user\\AppData\\Local...}, goog:chromeOptions: {debuggerAddress: localhost:62264}, javascriptEnabled: true, networkConnectionEnabled: false, pageLoadStrategy: normal, platform: WINDOWS, platformName: WINDOWS, proxy: Proxy(), se:cdp: ws://localhost:62264/devtoo..., se:cdpVersion: 104.0.5112.101, setWindowRect: true, strictFileInteractability: false, timeouts: {implicit: 0, pageLoad: 300000, script: 30000}, unhandledPromptBehavior: dismiss and notify, webauthn:extension:credBlob: true, webauthn:extension:largeBlob: true, webauthn:virtualAuthenticators: true}\nSession ID: 486d5559c1f8c3b00f1ad6975c672136",
      "time" : {
        "start" : 1661103100196,
        "stop" : 1661103224990,
        "duration" : 124794
      }
    }, {
      "uid" : "ebe17edbe4cf558f",
      "status" : "broken",
      "statusDetails" : "stale element reference: element is not attached to the page document\n  (Session info: chrome=104.0.5112.101)\nFor documentation on this error, please visit: https://selenium.dev/exceptions/#stale_element_reference\nBuild info: version: '4.0.0', revision: '3a21814679'\nSystem info: host: 'WIN-LD0UV456BN0', ip: '192.168.56.1', os.name: 'Windows 10', os.arch: 'amd64', os.version: '10.0', java.version: '1.8.0_301'\nDriver info: org.openqa.selenium.chrome.ChromeDriver\nCommand: [b30c8044bd1ca2c4a40c6534be404672, isElementSelected {id=f93ffdda-a34b-4ee4-9663-203d0a87cc49}]\nCapabilities {acceptInsecureCerts: false, browserName: chrome, browserVersion: 104.0.5112.101, chrome: {chromedriverVersion: 104.0.5112.79 (3cf3e8c8a07d..., userDataDir: C:\\Users\\user\\AppData\\Local...}, goog:chromeOptions: {debuggerAddress: localhost:61627}, javascriptEnabled: true, networkConnectionEnabled: false, pageLoadStrategy: normal, platform: WINDOWS, platformName: WINDOWS, proxy: Proxy(), se:cdp: ws://localhost:61627/devtoo..., se:cdpVersion: 104.0.5112.101, setWindowRect: true, strictFileInteractability: false, timeouts: {implicit: 0, pageLoad: 300000, script: 30000}, unhandledPromptBehavior: dismiss and notify, webauthn:extension:credBlob: true, webauthn:extension:largeBlob: true, webauthn:virtualAuthenticators: true}\nElement: [[[[ChromeDriver: chrome on WINDOWS (b30c8044bd1ca2c4a40c6534be404672)] -> name: lang]] -> xpath: .//option[@value = \"en_LJ\"]]\nSession ID: b30c8044bd1ca2c4a40c6534be404672",
      "time" : {
        "start" : 1661102724586,
        "stop" : 1661102777842,
        "duration" : 53256
      }
    }, {
      "uid" : "c61de2c8708f8494",
      "status" : "broken",
      "statusDetails" : "Element should have been \"select\" but was \"div\"\nBuild info: version: '4.0.0', revision: '3a21814679'\nSystem info: host: 'WIN-LD0UV456BN0', ip: '192.168.56.1', os.name: 'Windows 10', os.arch: 'amd64', os.version: '10.0', java.version: '1.8.0_301'\nDriver info: driver.version: unknown",
      "time" : {
        "start" : 1661102060743,
        "stop" : 1661102106595,
        "duration" : 45852
      }
    }, {
      "uid" : "11cbef94f5735aa",
      "status" : "broken",
      "statusDetails" : "stale element reference: element is not attached to the page document\n  (Session info: chrome=104.0.5112.101)\nFor documentation on this error, please visit: https://selenium.dev/exceptions/#stale_element_reference\nBuild info: version: '4.0.0', revision: '3a21814679'\nSystem info: host: 'WIN-LD0UV456BN0', ip: '192.168.56.1', os.name: 'Windows 10', os.arch: 'amd64', os.version: '10.0', java.version: '1.8.0_301'\nDriver info: org.openqa.selenium.chrome.ChromeDriver\nCommand: [6bb682b04dc07ccf7c2b7a6f5e49a9e6, getElementTagName {id=bf6bec1e-ab76-4a1d-9ba6-ab1b121811d6}]\nCapabilities {acceptInsecureCerts: false, browserName: chrome, browserVersion: 104.0.5112.101, chrome: {chromedriverVersion: 104.0.5112.79 (3cf3e8c8a07d..., userDataDir: C:\\Users\\user\\AppData\\Local...}, goog:chromeOptions: {debuggerAddress: localhost:59056}, javascriptEnabled: true, networkConnectionEnabled: false, pageLoadStrategy: normal, platform: WINDOWS, platformName: WINDOWS, proxy: Proxy(), se:cdp: ws://localhost:59056/devtoo..., se:cdpVersion: 104.0.5112.101, setWindowRect: true, strictFileInteractability: false, timeouts: {implicit: 0, pageLoad: 300000, script: 30000}, unhandledPromptBehavior: dismiss and notify, webauthn:extension:credBlob: true, webauthn:extension:largeBlob: true, webauthn:virtualAuthenticators: true}\nElement: [[ChromeDriver: chrome on WINDOWS (6bb682b04dc07ccf7c2b7a6f5e49a9e6)] -> id: footer_lang_list]\nSession ID: 6bb682b04dc07ccf7c2b7a6f5e49a9e6",
      "time" : {
        "start" : 1661101401272,
        "stop" : 1661101520442,
        "duration" : 119170
      }
    }, {
      "uid" : "5bd433ad01abb017",
      "status" : "broken",
      "statusDetails" : "stale element reference: element is not attached to the page document\n  (Session info: chrome=104.0.5112.101)\nFor documentation on this error, please visit: https://selenium.dev/exceptions/#stale_element_reference\nBuild info: version: '4.0.0', revision: '3a21814679'\nSystem info: host: 'WIN-LD0UV456BN0', ip: '192.168.56.1', os.name: 'Windows 10', os.arch: 'amd64', os.version: '10.0', java.version: '1.8.0_301'\nDriver info: org.openqa.selenium.chrome.ChromeDriver\nCommand: [301b6ef8e51ab7cc6c2868dd7c204704, getElementDomAttribute {id=e02ee010-d085-443d-b196-367cd58574ab, name=multiple}]\nCapabilities {acceptInsecureCerts: false, browserName: chrome, browserVersion: 104.0.5112.101, chrome: {chromedriverVersion: 104.0.5112.79 (3cf3e8c8a07d..., userDataDir: C:\\Users\\user\\AppData\\Local...}, goog:chromeOptions: {debuggerAddress: localhost:52488}, javascriptEnabled: true, networkConnectionEnabled: false, pageLoadStrategy: normal, platform: WINDOWS, platformName: WINDOWS, proxy: Proxy(), se:cdp: ws://localhost:52488/devtoo..., se:cdpVersion: 104.0.5112.101, setWindowRect: true, strictFileInteractability: false, timeouts: {implicit: 0, pageLoad: 300000, script: 30000}, unhandledPromptBehavior: dismiss and notify, webauthn:extension:credBlob: true, webauthn:extension:largeBlob: true, webauthn:virtualAuthenticators: true}\nElement: [[ChromeDriver: chrome on WINDOWS (301b6ef8e51ab7cc6c2868dd7c204704)] -> id: footer_lang_list]\nSession ID: 301b6ef8e51ab7cc6c2868dd7c204704",
      "time" : {
        "start" : 1661099081703,
        "stop" : 1661099128000,
        "duration" : 46297
      }
    }, {
      "uid" : "16690a04a4c507f",
      "status" : "broken",
      "statusDetails" : "stale element reference: element is not attached to the page document\n  (Session info: chrome=104.0.5112.101)\nFor documentation on this error, please visit: https://selenium.dev/exceptions/#stale_element_reference\nBuild info: version: '4.0.0', revision: '3a21814679'\nSystem info: host: 'WIN-LD0UV456BN0', ip: '192.168.56.1', os.name: 'Windows 10', os.arch: 'amd64', os.version: '10.0', java.version: '1.8.0_301'\nDriver info: org.openqa.selenium.chrome.ChromeDriver\nCommand: [23cdf1007905c533811e6f4b0c224f1b, isElementSelected {id=e155a7f3-11bf-420a-aeed-060efd3e7a9d}]\nCapabilities {acceptInsecureCerts: false, browserName: chrome, browserVersion: 104.0.5112.101, chrome: {chromedriverVersion: 104.0.5112.79 (3cf3e8c8a07d..., userDataDir: C:\\Users\\user\\AppData\\Local...}, goog:chromeOptions: {debuggerAddress: localhost:51111}, javascriptEnabled: true, networkConnectionEnabled: false, pageLoadStrategy: normal, platform: WINDOWS, platformName: WINDOWS, proxy: Proxy(), se:cdp: ws://localhost:51111/devtoo..., se:cdpVersion: 104.0.5112.101, setWindowRect: true, strictFileInteractability: false, timeouts: {implicit: 0, pageLoad: 300000, script: 30000}, unhandledPromptBehavior: dismiss and notify, webauthn:extension:credBlob: true, webauthn:extension:largeBlob: true, webauthn:virtualAuthenticators: true}\nElement: [[[[ChromeDriver: chrome on WINDOWS (23cdf1007905c533811e6f4b0c224f1b)] -> id: footer_lang_list]] -> xpath: .//option[@value = \"en_LJ\"]]\nSession ID: 23cdf1007905c533811e6f4b0c224f1b",
      "time" : {
        "start" : 1661098463248,
        "stop" : 1661098531367,
        "duration" : 68119
      }
    }, {
      "uid" : "9681118c941472f",
      "status" : "broken",
      "statusDetails" : "Element should have been \"select\" but was \"p\"\nBuild info: version: '4.0.0', revision: '3a21814679'\nSystem info: host: 'WIN-LD0UV456BN0', ip: '192.168.56.1', os.name: 'Windows 10', os.arch: 'amd64', os.version: '10.0', java.version: '1.8.0_301'\nDriver info: driver.version: unknown",
      "time" : {
        "start" : 1661097958153,
        "stop" : 1661098006531,
        "duration" : 48378
      }
    } ],
    "categories" : [ {
      "name" : "Product defects",
      "matchedStatuses" : [ ],
      "flaky" : false
    } ],
    "tags" : [ ]
  },
  "source" : "df543d02717c4be1.json",
  "parameterValues" : [ ]
}